{"C:\\Users\\Carlie\\Desktop\\testWebApp\\backend\\controllers\\authController.js": {"path":"C:\\Users\\Carlie\\Desktop\\testWebApp\\backend\\controllers\\authController.js","statementMap":{"0":{"start":{"line":6,"column":17},"end":{"line":6,"column":54}},"1":{"start":{"line":7,"column":2},"end":{"line":13,"column":4}},"2":{"start":{"line":21,"column":23},"end":{"line":21,"column":48}},"3":{"start":{"line":24,"column":17},"end":{"line":24,"column":35}},"4":{"start":{"line":25,"column":17},"end":{"line":25,"column":54}},"5":{"start":{"line":27,"column":2},"end":{"line":36,"column":3}},"6":{"start":{"line":29,"column":4},"end":{"line":33,"column":5}},"7":{"start":{"line":30,"column":18},"end":{"line":30,"column":53}},"8":{"start":{"line":31,"column":6},"end":{"line":31,"column":23}},"9":{"start":{"line":32,"column":6},"end":{"line":32,"column":16}},"10":{"start":{"line":35,"column":4},"end":{"line":35,"column":11}},"11":{"start":{"line":38,"column":2},"end":{"line":42,"column":3}},"12":{"start":{"line":39,"column":16},"end":{"line":39,"column":45}},"13":{"start":{"line":40,"column":4},"end":{"line":40,"column":21}},"14":{"start":{"line":41,"column":4},"end":{"line":41,"column":14}},"15":{"start":{"line":48,"column":14},"end":{"line":48,"column":82}},"16":{"start":{"line":49,"column":12},"end":{"line":56,"column":4}},"17":{"start":{"line":57,"column":15},"end":{"line":57,"column":29}},"18":{"start":{"line":58,"column":2},"end":{"line":61,"column":3}},"19":{"start":{"line":59,"column":16},"end":{"line":59,"column":74}},"20":{"start":{"line":60,"column":4},"end":{"line":60,"column":25}},"21":{"start":{"line":62,"column":2},"end":{"line":62,"column":14}},"22":{"start":{"line":67,"column":0},"end":{"line":94,"column":2}},"23":{"start":{"line":68,"column":2},"end":{"line":93,"column":3}},"24":{"start":{"line":69,"column":32},"end":{"line":69,"column":40}},"25":{"start":{"line":70,"column":4},"end":{"line":72,"column":5}},"26":{"start":{"line":71,"column":6},"end":{"line":71,"column":76}},"27":{"start":{"line":74,"column":16},"end":{"line":74,"column":79}},"28":{"start":{"line":75,"column":14},"end":{"line":82,"column":6}},"29":{"start":{"line":84,"column":17},"end":{"line":84,"column":31}},"30":{"start":{"line":85,"column":4},"end":{"line":88,"column":5}},"31":{"start":{"line":86,"column":18},"end":{"line":86,"column":74}},"32":{"start":{"line":87,"column":6},"end":{"line":87,"column":50}},"33":{"start":{"line":90,"column":4},"end":{"line":90,"column":60}},"34":{"start":{"line":92,"column":4},"end":{"line":92,"column":47}},"35":{"start":{"line":98,"column":0},"end":{"line":112,"column":2}},"36":{"start":{"line":99,"column":2},"end":{"line":111,"column":3}},"37":{"start":{"line":100,"column":4},"end":{"line":100,"column":22}},"38":{"start":{"line":101,"column":30},"end":{"line":101,"column":38}},"39":{"start":{"line":102,"column":4},"end":{"line":104,"column":5}},"40":{"start":{"line":103,"column":6},"end":{"line":103,"column":70}},"41":{"start":{"line":105,"column":17},"end":{"line":105,"column":36}},"42":{"start":{"line":106,"column":4},"end":{"line":106,"column":121}},"43":{"start":{"line":107,"column":4},"end":{"line":107,"column":50}},"44":{"start":{"line":108,"column":4},"end":{"line":108,"column":34}},"45":{"start":{"line":110,"column":4},"end":{"line":110,"column":66}},"46":{"start":{"line":116,"column":0},"end":{"line":144,"column":2}},"47":{"start":{"line":117,"column":2},"end":{"line":143,"column":3}},"48":{"start":{"line":118,"column":4},"end":{"line":118,"column":22}},"49":{"start":{"line":121,"column":4},"end":{"line":121,"column":72}},"50":{"start":{"line":122,"column":4},"end":{"line":122,"column":73}},"51":{"start":{"line":125,"column":15},"end":{"line":125,"column":38}},"52":{"start":{"line":126,"column":4},"end":{"line":126,"column":73}},"53":{"start":{"line":126,"column":13},"end":{"line":126,"column":73}},"54":{"start":{"line":128,"column":17},"end":{"line":128,"column":42}},"55":{"start":{"line":131,"column":4},"end":{"line":133,"column":5}},"56":{"start":{"line":132,"column":6},"end":{"line":132,"column":72}},"57":{"start":{"line":135,"column":4},"end":{"line":138,"column":7}},"58":{"start":{"line":141,"column":4},"end":{"line":141,"column":57}},"59":{"start":{"line":142,"column":4},"end":{"line":142,"column":74}},"60":{"start":{"line":147,"column":0},"end":{"line":150,"column":2}},"61":{"start":{"line":148,"column":2},"end":{"line":148,"column":55}},"62":{"start":{"line":149,"column":2},"end":{"line":149,"column":32}}},"fnMap":{"0":{"name":"refreshCookieOpts","decl":{"start":{"line":5,"column":9},"end":{"line":5,"column":26}},"loc":{"start":{"line":5,"column":29},"end":{"line":14,"column":1}},"line":5},"1":{"name":"assertOrigin","decl":{"start":{"line":23,"column":9},"end":{"line":23,"column":21}},"loc":{"start":{"line":23,"column":27},"end":{"line":43,"column":1}},"line":23},"2":{"name":"supabaseRefresh","decl":{"start":{"line":47,"column":15},"end":{"line":47,"column":30}},"loc":{"start":{"line":47,"column":45},"end":{"line":63,"column":1}},"line":47},"3":{"name":"(anonymous_3)","decl":{"start":{"line":67,"column":16},"end":{"line":67,"column":17}},"loc":{"start":{"line":67,"column":36},"end":{"line":94,"column":1}},"line":67},"4":{"name":"(anonymous_4)","decl":{"start":{"line":98,"column":21},"end":{"line":98,"column":22}},"loc":{"start":{"line":98,"column":41},"end":{"line":112,"column":1}},"line":98},"5":{"name":"(anonymous_5)","decl":{"start":{"line":116,"column":18},"end":{"line":116,"column":19}},"loc":{"start":{"line":116,"column":38},"end":{"line":144,"column":1}},"line":116},"6":{"name":"(anonymous_6)","decl":{"start":{"line":147,"column":17},"end":{"line":147,"column":18}},"loc":{"start":{"line":147,"column":37},"end":{"line":150,"column":1}},"line":147}},"branchMap":{"0":{"loc":{"start":{"line":27,"column":2},"end":{"line":36,"column":3}},"type":"if","locations":[{"start":{"line":27,"column":2},"end":{"line":36,"column":3}},{"start":{},"end":{}}],"line":27},"1":{"loc":{"start":{"line":29,"column":4},"end":{"line":33,"column":5}},"type":"if","locations":[{"start":{"line":29,"column":4},"end":{"line":33,"column":5}},{"start":{},"end":{}}],"line":29},"2":{"loc":{"start":{"line":38,"column":2},"end":{"line":42,"column":3}},"type":"if","locations":[{"start":{"line":38,"column":2},"end":{"line":42,"column":3}},{"start":{},"end":{}}],"line":38},"3":{"loc":{"start":{"line":58,"column":2},"end":{"line":61,"column":3}},"type":"if","locations":[{"start":{"line":58,"column":2},"end":{"line":61,"column":3}},{"start":{},"end":{}}],"line":58},"4":{"loc":{"start":{"line":59,"column":16},"end":{"line":59,"column":74}},"type":"binary-expr","locations":[{"start":{"line":59,"column":16},"end":{"line":59,"column":39}},{"start":{"line":59,"column":43},"end":{"line":59,"column":54}},{"start":{"line":59,"column":58},"end":{"line":59,"column":74}}],"line":59},"5":{"loc":{"start":{"line":70,"column":4},"end":{"line":72,"column":5}},"type":"if","locations":[{"start":{"line":70,"column":4},"end":{"line":72,"column":5}},{"start":{},"end":{}}],"line":70},"6":{"loc":{"start":{"line":70,"column":8},"end":{"line":70,"column":27}},"type":"binary-expr","locations":[{"start":{"line":70,"column":8},"end":{"line":70,"column":14}},{"start":{"line":70,"column":18},"end":{"line":70,"column":27}}],"line":70},"7":{"loc":{"start":{"line":85,"column":4},"end":{"line":88,"column":5}},"type":"if","locations":[{"start":{"line":85,"column":4},"end":{"line":88,"column":5}},{"start":{},"end":{}}],"line":85},"8":{"loc":{"start":{"line":86,"column":18},"end":{"line":86,"column":74}},"type":"binary-expr","locations":[{"start":{"line":86,"column":18},"end":{"line":86,"column":41}},{"start":{"line":86,"column":45},"end":{"line":86,"column":56}},{"start":{"line":86,"column":60},"end":{"line":86,"column":74}}],"line":86},"9":{"loc":{"start":{"line":102,"column":4},"end":{"line":104,"column":5}},"type":"if","locations":[{"start":{"line":102,"column":4},"end":{"line":104,"column":5}},{"start":{},"end":{}}],"line":102},"10":{"loc":{"start":{"line":110,"column":22},"end":{"line":110,"column":37}},"type":"binary-expr","locations":[{"start":{"line":110,"column":22},"end":{"line":110,"column":30}},{"start":{"line":110,"column":34},"end":{"line":110,"column":37}}],"line":110},"11":{"loc":{"start":{"line":126,"column":4},"end":{"line":126,"column":73}},"type":"if","locations":[{"start":{"line":126,"column":4},"end":{"line":126,"column":73}},{"start":{},"end":{}}],"line":126},"12":{"loc":{"start":{"line":131,"column":4},"end":{"line":133,"column":5}},"type":"if","locations":[{"start":{"line":131,"column":4},"end":{"line":133,"column":5}},{"start":{},"end":{}}],"line":131},"13":{"loc":{"start":{"line":142,"column":41},"end":{"line":142,"column":70}},"type":"binary-expr","locations":[{"start":{"line":142,"column":41},"end":{"line":142,"column":50}},{"start":{"line":142,"column":54},"end":{"line":142,"column":70}}],"line":142}},"s":{"0":4,"1":4,"2":3,"3":6,"4":6,"5":6,"6":6,"7":0,"8":0,"9":0,"10":6,"11":0,"12":0,"13":0,"14":0,"15":1,"16":1,"17":1,"18":1,"19":0,"20":0,"21":1,"22":3,"23":3,"24":3,"25":3,"26":1,"27":2,"28":2,"29":2,"30":2,"31":1,"32":1,"33":1,"34":0,"35":3,"36":4,"37":4,"38":4,"39":4,"40":1,"41":3,"42":3,"43":3,"44":3,"45":0,"46":3,"47":2,"48":2,"49":2,"50":2,"51":2,"52":2,"53":1,"54":1,"55":1,"56":1,"57":1,"58":0,"59":0,"60":3,"61":1,"62":1},"f":{"0":4,"1":6,"2":1,"3":3,"4":4,"5":2,"6":1},"b":{"0":[6,0],"1":[0,6],"2":[0,0],"3":[0,1],"4":[0,0,0],"5":[1,2],"6":[3,2],"7":[1,1],"8":[1,0,0],"9":[1,3],"10":[0,0],"11":[1,1],"12":[1,0],"13":[0,0]},"_coverageSchema":"1a1c01bbd47fc00a2c39e90264f33305004495a9","hash":"3be34b2f721d764f87d1b75c4c5d8dad359d9672"}
,"C:\\Users\\Carlie\\Desktop\\testWebApp\\backend\\controllers\\rasPiController.js": {"path":"C:\\Users\\Carlie\\Desktop\\testWebApp\\backend\\controllers\\rasPiController.js","statementMap":{"0":{"start":{"line":2,"column":21},"end":{"line":2,"column":56}},"1":{"start":{"line":3,"column":21},"end":{"line":3,"column":91}},"2":{"start":{"line":4,"column":27},"end":{"line":4,"column":62}},"3":{"start":{"line":8,"column":2},"end":{"line":30,"column":3}},"4":{"start":{"line":9,"column":37},"end":{"line":9,"column":45}},"5":{"start":{"line":11,"column":4},"end":{"line":15,"column":5}},"6":{"start":{"line":12,"column":6},"end":{"line":14,"column":72}},"7":{"start":{"line":17,"column":20},"end":{"line":17,"column":44}},"8":{"start":{"line":18,"column":4},"end":{"line":18,"column":49}},"9":{"start":{"line":19,"column":14},"end":{"line":23,"column":6}},"10":{"start":{"line":25,"column":24},"end":{"line":25,"column":38}},"11":{"start":{"line":26,"column":4},"end":{"line":26,"column":50}},"12":{"start":{"line":28,"column":4},"end":{"line":28,"column":45}},"13":{"start":{"line":29,"column":4},"end":{"line":29,"column":75}},"14":{"start":{"line":34,"column":2},"end":{"line":51,"column":3}},"15":{"start":{"line":35,"column":14},"end":{"line":38,"column":6}},"16":{"start":{"line":40,"column":17},"end":{"line":40,"column":31}},"17":{"start":{"line":41,"column":4},"end":{"line":41,"column":51}},"18":{"start":{"line":42,"column":4},"end":{"line":42,"column":43}},"19":{"start":{"line":45,"column":4},"end":{"line":50,"column":7}},"20":{"start":{"line":56,"column":2},"end":{"line":181,"column":3}},"21":{"start":{"line":57,"column":66},"end":{"line":57,"column":74}},"22":{"start":{"line":59,"column":4},"end":{"line":63,"column":5}},"23":{"start":{"line":60,"column":6},"end":{"line":62,"column":72}},"24":{"start":{"line":65,"column":23},"end":{"line":65,"column":47}},"25":{"start":{"line":66,"column":24},"end":{"line":66,"column":49}},"26":{"start":{"line":69,"column":28},"end":{"line":69,"column":55}},"27":{"start":{"line":72,"column":46},"end":{"line":76,"column":20}},"28":{"start":{"line":77,"column":4},"end":{"line":77,"column":35}},"29":{"start":{"line":77,"column":19},"end":{"line":77,"column":35}},"30":{"start":{"line":79,"column":4},"end":{"line":109,"column":5}},"31":{"start":{"line":80,"column":49},"end":{"line":93,"column":17}},"32":{"start":{"line":94,"column":6},"end":{"line":94,"column":37}},"33":{"start":{"line":94,"column":21},"end":{"line":94,"column":37}},"34":{"start":{"line":95,"column":6},"end":{"line":95,"column":23}},"35":{"start":{"line":97,"column":35},"end":{"line":107,"column":45}},"36":{"start":{"line":108,"column":6},"end":{"line":108,"column":37}},"37":{"start":{"line":108,"column":21},"end":{"line":108,"column":37}},"38":{"start":{"line":112,"column":18},"end":{"line":112,"column":22}},"39":{"start":{"line":113,"column":4},"end":{"line":126,"column":5}},"40":{"start":{"line":114,"column":51},"end":{"line":123,"column":17}},"41":{"start":{"line":124,"column":6},"end":{"line":124,"column":33}},"42":{"start":{"line":124,"column":19},"end":{"line":124,"column":33}},"43":{"start":{"line":125,"column":6},"end":{"line":125,"column":27}},"44":{"start":{"line":129,"column":4},"end":{"line":167,"column":5}},"45":{"start":{"line":130,"column":23},"end":{"line":130,"column":25}},"46":{"start":{"line":131,"column":6},"end":{"line":131,"column":126}},"47":{"start":{"line":134,"column":6},"end":{"line":155,"column":7}},"48":{"start":{"line":136,"column":51},"end":{"line":140,"column":24}},"49":{"start":{"line":141,"column":8},"end":{"line":141,"column":39}},"50":{"start":{"line":141,"column":23},"end":{"line":141,"column":39}},"51":{"start":{"line":143,"column":8},"end":{"line":154,"column":11}},"52":{"start":{"line":157,"column":6},"end":{"line":166,"column":7}},"53":{"start":{"line":158,"column":8},"end":{"line":158,"column":125}},"54":{"start":{"line":159,"column":35},"end":{"line":161,"column":27}},"55":{"start":{"line":162,"column":8},"end":{"line":162,"column":35}},"56":{"start":{"line":162,"column":21},"end":{"line":162,"column":35}},"57":{"start":{"line":163,"column":8},"end":{"line":163,"column":71}},"58":{"start":{"line":165,"column":8},"end":{"line":165,"column":72}},"59":{"start":{"line":169,"column":4},"end":{"line":173,"column":7}},"60":{"start":{"line":175,"column":4},"end":{"line":175,"column":60}},"61":{"start":{"line":176,"column":4},"end":{"line":180,"column":7}},"62":{"start":{"line":197,"column":2},"end":{"line":202,"column":3}},"63":{"start":{"line":198,"column":21},"end":{"line":198,"column":63}},"64":{"start":{"line":199,"column":4},"end":{"line":199,"column":35}},"65":{"start":{"line":201,"column":4},"end":{"line":201,"column":74}},"66":{"start":{"line":207,"column":2},"end":{"line":225,"column":3}},"67":{"start":{"line":208,"column":26},"end":{"line":208,"column":36}},"68":{"start":{"line":209,"column":28},"end":{"line":213,"column":15}},"69":{"start":{"line":215,"column":4},"end":{"line":215,"column":27}},"70":{"start":{"line":215,"column":15},"end":{"line":215,"column":27}},"71":{"start":{"line":216,"column":4},"end":{"line":221,"column":7}},"72":{"start":{"line":223,"column":4},"end":{"line":223,"column":48}},"73":{"start":{"line":224,"column":4},"end":{"line":224,"column":71}},"74":{"start":{"line":228,"column":0},"end":{"line":228,"column":114}}},"fnMap":{"0":{"name":"triggerScan","decl":{"start":{"line":7,"column":15},"end":{"line":7,"column":26}},"loc":{"start":{"line":7,"column":37},"end":{"line":31,"column":1}},"line":7},"1":{"name":"getNetworksList","decl":{"start":{"line":33,"column":15},"end":{"line":33,"column":30}},"loc":{"start":{"line":33,"column":41},"end":{"line":52,"column":1}},"line":33},"2":{"name":"saveNetworkMetadataScan","decl":{"start":{"line":55,"column":15},"end":{"line":55,"column":38}},"loc":{"start":{"line":55,"column":49},"end":{"line":182,"column":1}},"line":55},"3":{"name":"getAccessPointDetails","decl":{"start":{"line":196,"column":15},"end":{"line":196,"column":36}},"loc":{"start":{"line":196,"column":47},"end":{"line":203,"column":1}},"line":196},"4":{"name":"getNetworkById","decl":{"start":{"line":206,"column":15},"end":{"line":206,"column":29}},"loc":{"start":{"line":206,"column":40},"end":{"line":226,"column":1}},"line":206}},"branchMap":{"0":{"loc":{"start":{"line":3,"column":21},"end":{"line":3,"column":91}},"type":"binary-expr","locations":[{"start":{"line":3,"column":21},"end":{"line":3,"column":45}},{"start":{"line":3,"column":49},"end":{"line":3,"column":91}}],"line":3},"1":{"loc":{"start":{"line":11,"column":4},"end":{"line":15,"column":5}},"type":"if","locations":[{"start":{"line":11,"column":4},"end":{"line":15,"column":5}},{"start":{},"end":{}}],"line":11},"2":{"loc":{"start":{"line":11,"column":8},"end":{"line":11,"column":48}},"type":"binary-expr","locations":[{"start":{"line":11,"column":8},"end":{"line":11,"column":13}},{"start":{"line":11,"column":17},"end":{"line":11,"column":23}},{"start":{"line":11,"column":27},"end":{"line":11,"column":48}}],"line":11},"3":{"loc":{"start":{"line":59,"column":4},"end":{"line":63,"column":5}},"type":"if","locations":[{"start":{"line":59,"column":4},"end":{"line":63,"column":5}},{"start":{},"end":{}}],"line":59},"4":{"loc":{"start":{"line":59,"column":8},"end":{"line":59,"column":48}},"type":"binary-expr","locations":[{"start":{"line":59,"column":8},"end":{"line":59,"column":13}},{"start":{"line":59,"column":17},"end":{"line":59,"column":23}},{"start":{"line":59,"column":27},"end":{"line":59,"column":48}}],"line":59},"5":{"loc":{"start":{"line":65,"column":23},"end":{"line":65,"column":47}},"type":"binary-expr","locations":[{"start":{"line":65,"column":23},"end":{"line":65,"column":39}},{"start":{"line":65,"column":43},"end":{"line":65,"column":47}}],"line":65},"6":{"loc":{"start":{"line":66,"column":24},"end":{"line":66,"column":49}},"type":"binary-expr","locations":[{"start":{"line":66,"column":24},"end":{"line":66,"column":41}},{"start":{"line":66,"column":45},"end":{"line":66,"column":49}}],"line":66},"7":{"loc":{"start":{"line":77,"column":4},"end":{"line":77,"column":35}},"type":"if","locations":[{"start":{"line":77,"column":4},"end":{"line":77,"column":35}},{"start":{},"end":{}}],"line":77},"8":{"loc":{"start":{"line":79,"column":4},"end":{"line":109,"column":5}},"type":"if","locations":[{"start":{"line":79,"column":4},"end":{"line":109,"column":5}},{"start":{"line":96,"column":11},"end":{"line":109,"column":5}}],"line":79},"9":{"loc":{"start":{"line":94,"column":6},"end":{"line":94,"column":37}},"type":"if","locations":[{"start":{"line":94,"column":6},"end":{"line":94,"column":37}},{"start":{},"end":{}}],"line":94},"10":{"loc":{"start":{"line":108,"column":6},"end":{"line":108,"column":37}},"type":"if","locations":[{"start":{"line":108,"column":6},"end":{"line":108,"column":37}},{"start":{},"end":{}}],"line":108},"11":{"loc":{"start":{"line":113,"column":4},"end":{"line":126,"column":5}},"type":"if","locations":[{"start":{"line":113,"column":4},"end":{"line":126,"column":5}},{"start":{},"end":{}}],"line":113},"12":{"loc":{"start":{"line":119,"column":22},"end":{"line":119,"column":65}},"type":"binary-expr","locations":[{"start":{"line":119,"column":22},"end":{"line":119,"column":37}},{"start":{"line":119,"column":41},"end":{"line":119,"column":65}}],"line":119},"13":{"loc":{"start":{"line":120,"column":20},"end":{"line":120,"column":41}},"type":"binary-expr","locations":[{"start":{"line":120,"column":20},"end":{"line":120,"column":33}},{"start":{"line":120,"column":37},"end":{"line":120,"column":41}}],"line":120},"14":{"loc":{"start":{"line":124,"column":6},"end":{"line":124,"column":33}},"type":"if","locations":[{"start":{"line":124,"column":6},"end":{"line":124,"column":33}},{"start":{},"end":{}}],"line":124},"15":{"loc":{"start":{"line":129,"column":4},"end":{"line":167,"column":5}},"type":"if","locations":[{"start":{"line":129,"column":4},"end":{"line":167,"column":5}},{"start":{},"end":{}}],"line":129},"16":{"loc":{"start":{"line":129,"column":8},"end":{"line":129,"column":33}},"type":"binary-expr","locations":[{"start":{"line":129,"column":8},"end":{"line":129,"column":15}},{"start":{"line":129,"column":19},"end":{"line":129,"column":33}}],"line":129},"17":{"loc":{"start":{"line":141,"column":8},"end":{"line":141,"column":39}},"type":"if","locations":[{"start":{"line":141,"column":8},"end":{"line":141,"column":39}},{"start":{},"end":{}}],"line":141},"18":{"loc":{"start":{"line":146,"column":19},"end":{"line":146,"column":41}},"type":"binary-expr","locations":[{"start":{"line":146,"column":19},"end":{"line":146,"column":34}},{"start":{"line":146,"column":38},"end":{"line":146,"column":41}}],"line":146},"19":{"loc":{"start":{"line":149,"column":24},"end":{"line":149,"column":52}},"type":"binary-expr","locations":[{"start":{"line":149,"column":24},"end":{"line":149,"column":44}},{"start":{"line":149,"column":48},"end":{"line":149,"column":52}}],"line":149},"20":{"loc":{"start":{"line":152,"column":20},"end":{"line":152,"column":54}},"type":"binary-expr","locations":[{"start":{"line":152,"column":20},"end":{"line":152,"column":35}},{"start":{"line":152,"column":39},"end":{"line":152,"column":54}}],"line":152},"21":{"loc":{"start":{"line":153,"column":26},"end":{"line":153,"column":60}},"type":"binary-expr","locations":[{"start":{"line":153,"column":26},"end":{"line":153,"column":52}},{"start":{"line":153,"column":56},"end":{"line":153,"column":60}}],"line":153},"22":{"loc":{"start":{"line":157,"column":6},"end":{"line":166,"column":7}},"type":"if","locations":[{"start":{"line":157,"column":6},"end":{"line":166,"column":7}},{"start":{"line":164,"column":13},"end":{"line":166,"column":7}}],"line":157},"23":{"loc":{"start":{"line":162,"column":8},"end":{"line":162,"column":35}},"type":"if","locations":[{"start":{"line":162,"column":8},"end":{"line":162,"column":35}},{"start":{},"end":{}}],"line":162},"24":{"loc":{"start":{"line":215,"column":4},"end":{"line":215,"column":27}},"type":"if","locations":[{"start":{"line":215,"column":4},"end":{"line":215,"column":27}},{"start":{},"end":{}}],"line":215}},"s":{"0":3,"1":3,"2":3,"3":3,"4":3,"5":3,"6":1,"7":2,"8":2,"9":2,"10":1,"11":1,"12":1,"13":1,"14":0,"15":0,"16":0,"17":0,"18":0,"19":0,"20":3,"21":3,"22":3,"23":2,"24":1,"25":1,"26":1,"27":1,"28":1,"29":0,"30":1,"31":1,"32":1,"33":0,"34":1,"35":0,"36":0,"37":0,"38":1,"39":1,"40":1,"41":1,"42":0,"43":1,"44":1,"45":1,"46":1,"47":1,"48":3,"49":3,"50":0,"51":3,"52":1,"53":1,"54":1,"55":1,"56":0,"57":1,"58":0,"59":1,"60":0,"61":0,"62":0,"63":0,"64":0,"65":0,"66":0,"67":0,"68":0,"69":0,"70":0,"71":0,"72":0,"73":0,"74":3},"f":{"0":3,"1":0,"2":3,"3":0,"4":0},"b":{"0":[3,0],"1":[1,2],"2":[3,3,2],"3":[2,1],"4":[3,2,1],"5":[1,0],"6":[1,0],"7":[0,1],"8":[1,0],"9":[0,1],"10":[0,0],"11":[1,0],"12":[1,0],"13":[1,0],"14":[0,1],"15":[1,0],"16":[1,1],"17":[0,3],"18":[3,0],"19":[3,0],"20":[3,0],"21":[3,0],"22":[1,0],"23":[0,1],"24":[0,0]},"_coverageSchema":"1a1c01bbd47fc00a2c39e90264f33305004495a9","hash":"5cd04a05ca847bb500ca640167f8329dea5c8223"}
,"C:\\Users\\Carlie\\Desktop\\testWebApp\\backend\\controllers\\samController.js": {"path":"C:\\Users\\Carlie\\Desktop\\testWebApp\\backend\\controllers\\samController.js","statementMap":{"0":{"start":{"line":1,"column":27},"end":{"line":1,"column":62}},"1":{"start":{"line":5,"column":2},"end":{"line":5,"column":36}},"2":{"start":{"line":9,"column":2},"end":{"line":20,"column":4}},"3":{"start":{"line":24,"column":16},"end":{"line":24,"column":40}},"4":{"start":{"line":25,"column":15},"end":{"line":25,"column":43}},"5":{"start":{"line":26,"column":2},"end":{"line":26,"column":134}},"6":{"start":{"line":30,"column":2},"end":{"line":73,"column":3}},"7":{"start":{"line":31,"column":16},"end":{"line":31,"column":50}},"8":{"start":{"line":32,"column":4},"end":{"line":32,"column":77}},"9":{"start":{"line":32,"column":14},"end":{"line":32,"column":77}},"10":{"start":{"line":34,"column":16},"end":{"line":34,"column":39}},"11":{"start":{"line":36,"column":12},"end":{"line":40,"column":7}},"12":{"start":{"line":43,"column":4},"end":{"line":48,"column":5}},"13":{"start":{"line":44,"column":6},"end":{"line":44,"column":31}},"14":{"start":{"line":47,"column":6},"end":{"line":47,"column":34}},"15":{"start":{"line":50,"column":36},"end":{"line":50,"column":57}},"16":{"start":{"line":51,"column":4},"end":{"line":51,"column":27}},"17":{"start":{"line":51,"column":15},"end":{"line":51,"column":27}},"18":{"start":{"line":53,"column":4},"end":{"line":55,"column":5}},"19":{"start":{"line":54,"column":6},"end":{"line":54,"column":72}},"20":{"start":{"line":58,"column":4},"end":{"line":60,"column":5}},"21":{"start":{"line":59,"column":6},"end":{"line":59,"column":71}},"22":{"start":{"line":62,"column":4},"end":{"line":69,"column":7}},"23":{"start":{"line":71,"column":4},"end":{"line":71,"column":49}},"24":{"start":{"line":72,"column":4},"end":{"line":72,"column":75}},"25":{"start":{"line":76,"column":0},"end":{"line":76,"column":37}}},"fnMap":{"0":{"name":"looksLikeVtCode","decl":{"start":{"line":4,"column":9},"end":{"line":4,"column":24}},"loc":{"start":{"line":4,"column":28},"end":{"line":6,"column":1}},"line":4},"1":{"name":"defaultRecommendations","decl":{"start":{"line":8,"column":9},"end":{"line":8,"column":31}},"loc":{"start":{"line":8,"column":34},"end":{"line":21,"column":1}},"line":8},"2":{"name":"defaultDescription","decl":{"start":{"line":23,"column":9},"end":{"line":23,"column":27}},"loc":{"start":{"line":23,"column":44},"end":{"line":27,"column":1}},"line":23},"3":{"name":"getThreatDetail","decl":{"start":{"line":29,"column":15},"end":{"line":29,"column":30}},"loc":{"start":{"line":29,"column":41},"end":{"line":74,"column":1}},"line":29}},"branchMap":{"0":{"loc":{"start":{"line":24,"column":16},"end":{"line":24,"column":40}},"type":"binary-expr","locations":[{"start":{"line":24,"column":16},"end":{"line":24,"column":22}},{"start":{"line":24,"column":26},"end":{"line":24,"column":40}}],"line":24},"1":{"loc":{"start":{"line":25,"column":15},"end":{"line":25,"column":43}},"type":"cond-expr","locations":[{"start":{"line":25,"column":24},"end":{"line":25,"column":38}},{"start":{"line":25,"column":41},"end":{"line":25,"column":43}}],"line":25},"2":{"loc":{"start":{"line":31,"column":17},"end":{"line":31,"column":42}},"type":"binary-expr","locations":[{"start":{"line":31,"column":17},"end":{"line":31,"column":36}},{"start":{"line":31,"column":40},"end":{"line":31,"column":42}}],"line":31},"3":{"loc":{"start":{"line":32,"column":4},"end":{"line":32,"column":77}},"type":"if","locations":[{"start":{"line":32,"column":4},"end":{"line":32,"column":77}},{"start":{},"end":{}}],"line":32},"4":{"loc":{"start":{"line":43,"column":4},"end":{"line":48,"column":5}},"type":"if","locations":[{"start":{"line":43,"column":4},"end":{"line":48,"column":5}},{"start":{"line":45,"column":11},"end":{"line":48,"column":5}}],"line":43},"5":{"loc":{"start":{"line":51,"column":4},"end":{"line":51,"column":27}},"type":"if","locations":[{"start":{"line":51,"column":4},"end":{"line":51,"column":27}},{"start":{},"end":{}}],"line":51},"6":{"loc":{"start":{"line":53,"column":4},"end":{"line":55,"column":5}},"type":"if","locations":[{"start":{"line":53,"column":4},"end":{"line":55,"column":5}},{"start":{},"end":{}}],"line":53},"7":{"loc":{"start":{"line":58,"column":4},"end":{"line":60,"column":5}},"type":"if","locations":[{"start":{"line":58,"column":4},"end":{"line":60,"column":5}},{"start":{},"end":{}}],"line":58},"8":{"loc":{"start":{"line":58,"column":8},"end":{"line":58,"column":53}},"type":"binary-expr","locations":[{"start":{"line":58,"column":8},"end":{"line":58,"column":22}},{"start":{"line":58,"column":26},"end":{"line":58,"column":53}}],"line":58},"9":{"loc":{"start":{"line":63,"column":16},"end":{"line":63,"column":50}},"type":"binary-expr","locations":[{"start":{"line":63,"column":16},"end":{"line":63,"column":41}},{"start":{"line":63,"column":45},"end":{"line":63,"column":50}}],"line":63},"10":{"loc":{"start":{"line":64,"column":12},"end":{"line":64,"column":33}},"type":"binary-expr","locations":[{"start":{"line":64,"column":12},"end":{"line":64,"column":26}},{"start":{"line":64,"column":30},"end":{"line":64,"column":33}}],"line":64},"11":{"loc":{"start":{"line":65,"column":12},"end":{"line":65,"column":46}},"type":"binary-expr","locations":[{"start":{"line":65,"column":12},"end":{"line":65,"column":37}},{"start":{"line":65,"column":41},"end":{"line":65,"column":46}}],"line":65}},"s":{"0":3,"1":0,"2":0,"3":0,"4":0,"5":0,"6":0,"7":0,"8":0,"9":0,"10":0,"11":0,"12":0,"13":0,"14":0,"15":0,"16":0,"17":0,"18":0,"19":0,"20":0,"21":0,"22":0,"23":0,"24":0,"25":3},"f":{"0":0,"1":0,"2":0,"3":0},"b":{"0":[0,0],"1":[0,0],"2":[0,0],"3":[0,0],"4":[0,0],"5":[0,0],"6":[0,0],"7":[0,0],"8":[0,0],"9":[0,0],"10":[0,0],"11":[0,0]},"_coverageSchema":"1a1c01bbd47fc00a2c39e90264f33305004495a9","hash":"98500dd5bf37caf7723a7c3fbd52dd9b4978ff72"}
,"C:\\Users\\Carlie\\Desktop\\testWebApp\\backend\\middleware\\authMiddleware.js": {"path":"C:\\Users\\Carlie\\Desktop\\testWebApp\\backend\\middleware\\authMiddleware.js","statementMap":{"0":{"start":{"line":5,"column":42},"end":{"line":5,"column":57}},"1":{"start":{"line":8,"column":13},"end":{"line":10,"column":1}},"2":{"start":{"line":12,"column":0},"end":{"line":39,"column":2}},"3":{"start":{"line":13,"column":21},"end":{"line":13,"column":46}},"4":{"start":{"line":14,"column":2},"end":{"line":16,"column":3}},"5":{"start":{"line":15,"column":4},"end":{"line":15,"column":60}},"6":{"start":{"line":18,"column":16},"end":{"line":18,"column":40}},"7":{"start":{"line":20,"column":2},"end":{"line":38,"column":3}},"8":{"start":{"line":21,"column":24},"end":{"line":24,"column":6}},"9":{"start":{"line":27,"column":4},"end":{"line":32,"column":6}},"10":{"start":{"line":33,"column":4},"end":{"line":33,"column":11}},"11":{"start":{"line":36,"column":4},"end":{"line":36,"column":73}},"12":{"start":{"line":37,"column":4},"end":{"line":37,"column":71}}},"fnMap":{"0":{"name":"(anonymous_0)","decl":{"start":{"line":12,"column":18},"end":{"line":12,"column":19}},"loc":{"start":{"line":12,"column":44},"end":{"line":39,"column":1}},"line":12}},"branchMap":{"0":{"loc":{"start":{"line":14,"column":2},"end":{"line":16,"column":3}},"type":"if","locations":[{"start":{"line":14,"column":2},"end":{"line":16,"column":3}},{"start":{},"end":{}}],"line":14}},"s":{"0":3,"1":3,"2":3,"3":11,"4":11,"5":2,"6":9,"7":9,"8":9,"9":7,"10":7,"11":2,"12":2},"f":{"0":11},"b":{"0":[2,9]},"_coverageSchema":"1a1c01bbd47fc00a2c39e90264f33305004495a9","hash":"6fe59ad74d1a588814d66cb4bb7934814afb2692"}
,"C:\\Users\\Carlie\\Desktop\\testWebApp\\backend\\middleware\\statusMiddleware.js": {"path":"C:\\Users\\Carlie\\Desktop\\testWebApp\\backend\\middleware\\statusMiddleware.js","statementMap":{"0":{"start":{"line":2,"column":25},"end":{"line":2,"column":57}},"1":{"start":{"line":3,"column":22},"end":{"line":6,"column":1}},"2":{"start":{"line":8,"column":0},"end":{"line":33,"column":2}},"3":{"start":{"line":9,"column":19},"end":{"line":9,"column":27}},"4":{"start":{"line":10,"column":2},"end":{"line":12,"column":3}},"5":{"start":{"line":11,"column":4},"end":{"line":11,"column":68}},"6":{"start":{"line":14,"column":35},"end":{"line":18,"column":13}},"7":{"start":{"line":20,"column":2},"end":{"line":22,"column":3}},"8":{"start":{"line":21,"column":4},"end":{"line":21,"column":64}},"9":{"start":{"line":24,"column":2},"end":{"line":30,"column":3}},"10":{"start":{"line":26,"column":4},"end":{"line":29,"column":7}},"11":{"start":{"line":32,"column":2},"end":{"line":32,"column":9}}},"fnMap":{"0":{"name":"(anonymous_0)","decl":{"start":{"line":8,"column":31},"end":{"line":8,"column":32}},"loc":{"start":{"line":8,"column":57},"end":{"line":33,"column":1}},"line":8}},"branchMap":{"0":{"loc":{"start":{"line":10,"column":2},"end":{"line":12,"column":3}},"type":"if","locations":[{"start":{"line":10,"column":2},"end":{"line":12,"column":3}},{"start":{},"end":{}}],"line":10},"1":{"loc":{"start":{"line":20,"column":2},"end":{"line":22,"column":3}},"type":"if","locations":[{"start":{"line":20,"column":2},"end":{"line":22,"column":3}},{"start":{},"end":{}}],"line":20},"2":{"loc":{"start":{"line":20,"column":6},"end":{"line":20,"column":23}},"type":"binary-expr","locations":[{"start":{"line":20,"column":6},"end":{"line":20,"column":11}},{"start":{"line":20,"column":15},"end":{"line":20,"column":23}}],"line":20},"3":{"loc":{"start":{"line":24,"column":2},"end":{"line":30,"column":3}},"type":"if","locations":[{"start":{"line":24,"column":2},"end":{"line":30,"column":3}},{"start":{},"end":{}}],"line":24}},"s":{"0":3,"1":3,"2":3,"3":3,"4":3,"5":0,"6":3,"7":3,"8":0,"9":3,"10":2,"11":1},"f":{"0":3},"b":{"0":[0,3],"1":[0,3],"2":[3,3],"3":[2,1]},"_coverageSchema":"1a1c01bbd47fc00a2c39e90264f33305004495a9","hash":"e9e30243ade6d60b33ab4a40551a9a487dbe1ef3"}
,"C:\\Users\\Carlie\\Desktop\\testWebApp\\backend\\services\\rasPiService.js": {"path":"C:\\Users\\Carlie\\Desktop\\testWebApp\\backend\\services\\rasPiService.js","statementMap":{"0":{"start":{"line":2,"column":27},"end":{"line":2,"column":62}},"1":{"start":{"line":5,"column":17},"end":{"line":5,"column":18}},"2":{"start":{"line":6,"column":2},"end":{"line":6,"column":40}},"3":{"start":{"line":11,"column":43},"end":{"line":24,"column":13}},"4":{"start":{"line":25,"column":2},"end":{"line":25,"column":27}},"5":{"start":{"line":25,"column":14},"end":{"line":25,"column":27}},"6":{"start":{"line":28,"column":44},"end":{"line":39,"column":13}},"7":{"start":{"line":40,"column":2},"end":{"line":40,"column":29}},"8":{"start":{"line":40,"column":15},"end":{"line":40,"column":29}},"9":{"start":{"line":43,"column":19},"end":{"line":43,"column":21}},"10":{"start":{"line":44,"column":2},"end":{"line":61,"column":3}},"11":{"start":{"line":45,"column":47},"end":{"line":49,"column":20}},"12":{"start":{"line":50,"column":4},"end":{"line":50,"column":35}},"13":{"start":{"line":50,"column":19},"end":{"line":50,"column":35}},"14":{"start":{"line":52,"column":4},"end":{"line":60,"column":7}},"15":{"start":{"line":63,"column":52},"end":{"line":66,"column":13}},"16":{"start":{"line":67,"column":2},"end":{"line":67,"column":29}},"17":{"start":{"line":67,"column":15},"end":{"line":67,"column":29}},"18":{"start":{"line":69,"column":2},"end":{"line":73,"column":4}},"19":{"start":{"line":76,"column":0},"end":{"line":76,"column":39}}},"fnMap":{"0":{"name":"insertScanResults","decl":{"start":{"line":4,"column":15},"end":{"line":4,"column":32}},"loc":{"start":{"line":4,"column":39},"end":{"line":7,"column":1}},"line":4},"1":{"name":"handleSingleScan","decl":{"start":{"line":9,"column":15},"end":{"line":9,"column":31}},"loc":{"start":{"line":9,"column":46},"end":{"line":74,"column":1}},"line":9}},"branchMap":{"0":{"loc":{"start":{"line":20,"column":25},"end":{"line":20,"column":65}},"type":"binary-expr","locations":[{"start":{"line":20,"column":25},"end":{"line":20,"column":57}},{"start":{"line":20,"column":61},"end":{"line":20,"column":65}}],"line":20},"1":{"loc":{"start":{"line":25,"column":2},"end":{"line":25,"column":27}},"type":"if","locations":[{"start":{"line":25,"column":2},"end":{"line":25,"column":27}},{"start":{},"end":{}}],"line":25},"2":{"loc":{"start":{"line":40,"column":2},"end":{"line":40,"column":29}},"type":"if","locations":[{"start":{"line":40,"column":2},"end":{"line":40,"column":29}},{"start":{},"end":{}}],"line":40},"3":{"loc":{"start":{"line":44,"column":43},"end":{"line":44,"column":62}},"type":"binary-expr","locations":[{"start":{"line":44,"column":43},"end":{"line":44,"column":56}},{"start":{"line":44,"column":60},"end":{"line":44,"column":62}}],"line":44},"4":{"loc":{"start":{"line":50,"column":4},"end":{"line":50,"column":35}},"type":"if","locations":[{"start":{"line":50,"column":4},"end":{"line":50,"column":35}},{"start":{},"end":{}}],"line":50},"5":{"loc":{"start":{"line":57,"column":20},"end":{"line":57,"column":48}},"type":"binary-expr","locations":[{"start":{"line":57,"column":20},"end":{"line":57,"column":40}},{"start":{"line":57,"column":44},"end":{"line":57,"column":48}}],"line":57},"6":{"loc":{"start":{"line":58,"column":15},"end":{"line":58,"column":49}},"type":"binary-expr","locations":[{"start":{"line":58,"column":15},"end":{"line":58,"column":30}},{"start":{"line":58,"column":34},"end":{"line":58,"column":49}}],"line":58},"7":{"loc":{"start":{"line":59,"column":22},"end":{"line":59,"column":56}},"type":"binary-expr","locations":[{"start":{"line":59,"column":22},"end":{"line":59,"column":48}},{"start":{"line":59,"column":52},"end":{"line":59,"column":56}}],"line":59},"8":{"loc":{"start":{"line":67,"column":2},"end":{"line":67,"column":29}},"type":"if","locations":[{"start":{"line":67,"column":2},"end":{"line":67,"column":29}},{"start":{},"end":{}}],"line":67}},"s":{"0":3,"1":0,"2":0,"3":0,"4":0,"5":0,"6":0,"7":0,"8":0,"9":0,"10":0,"11":0,"12":0,"13":0,"14":0,"15":0,"16":0,"17":0,"18":0,"19":3},"f":{"0":0,"1":0},"b":{"0":[0,0],"1":[0,0],"2":[0,0],"3":[0,0],"4":[0,0],"5":[0,0],"6":[0,0],"7":[0,0],"8":[0,0]},"_coverageSchema":"1a1c01bbd47fc00a2c39e90264f33305004495a9","hash":"113a986415d9ad7819af80e6437d42b234cdef63"}
,"C:\\Users\\Carlie\\Desktop\\testWebApp\\backend\\utils\\exportFormatters.js": {"path":"C:\\Users\\Carlie\\Desktop\\testWebApp\\backend\\utils\\exportFormatters.js","statementMap":{"0":{"start":{"line":10,"column":14},"end":{"line":10,"column":33}},"1":{"start":{"line":11,"column":2},"end":{"line":13,"column":3}},"2":{"start":{"line":12,"column":4},"end":{"line":12,"column":42}},"3":{"start":{"line":14,"column":2},"end":{"line":14,"column":13}},"4":{"start":{"line":25,"column":21},"end":{"line":25,"column":58}},"5":{"start":{"line":26,"column":20},"end":{"line":28,"column":3}},"6":{"start":{"line":27,"column":4},"end":{"line":27,"column":56}},"7":{"start":{"line":27,"column":23},"end":{"line":27,"column":45}},"8":{"start":{"line":29,"column":2},"end":{"line":29,"column":47}},"9":{"start":{"line":39,"column":16},"end":{"line":39,"column":62}},"10":{"start":{"line":39,"column":46},"end":{"line":39,"column":61}},"11":{"start":{"line":40,"column":2},"end":{"line":40,"column":59}},"12":{"start":{"line":40,"column":26},"end":{"line":40,"column":59}},"13":{"start":{"line":42,"column":20},"end":{"line":72,"column":3}},"14":{"start":{"line":43,"column":19},"end":{"line":43,"column":21}},"15":{"start":{"line":44,"column":18},"end":{"line":44,"column":20}},"16":{"start":{"line":45,"column":19},"end":{"line":45,"column":24}},"17":{"start":{"line":46,"column":4},"end":{"line":69,"column":5}},"18":{"start":{"line":46,"column":17},"end":{"line":46,"column":18}},"19":{"start":{"line":47,"column":17},"end":{"line":47,"column":24}},"20":{"start":{"line":48,"column":6},"end":{"line":68,"column":7}},"21":{"start":{"line":49,"column":8},"end":{"line":58,"column":9}},"22":{"start":{"line":50,"column":10},"end":{"line":55,"column":11}},"23":{"start":{"line":51,"column":12},"end":{"line":51,"column":27}},"24":{"start":{"line":52,"column":12},"end":{"line":52,"column":16}},"25":{"start":{"line":54,"column":12},"end":{"line":54,"column":29}},"26":{"start":{"line":57,"column":10},"end":{"line":57,"column":24}},"27":{"start":{"line":60,"column":8},"end":{"line":67,"column":9}},"28":{"start":{"line":61,"column":10},"end":{"line":61,"column":26}},"29":{"start":{"line":62,"column":15},"end":{"line":67,"column":9}},"30":{"start":{"line":63,"column":10},"end":{"line":63,"column":31}},"31":{"start":{"line":64,"column":10},"end":{"line":64,"column":23}},"32":{"start":{"line":66,"column":10},"end":{"line":66,"column":24}},"33":{"start":{"line":70,"column":4},"end":{"line":70,"column":25}},"34":{"start":{"line":71,"column":4},"end":{"line":71,"column":18}},"35":{"start":{"line":74,"column":18},"end":{"line":74,"column":37}},"36":{"start":{"line":75,"column":15},"end":{"line":82,"column":4}},"37":{"start":{"line":76,"column":19},"end":{"line":76,"column":34}},"38":{"start":{"line":77,"column":16},"end":{"line":77,"column":18}},"39":{"start":{"line":78,"column":4},"end":{"line":80,"column":7}},"40":{"start":{"line":79,"column":6},"end":{"line":79,"column":31}},"41":{"start":{"line":81,"column":4},"end":{"line":81,"column":15}},"42":{"start":{"line":84,"column":2},"end":{"line":84,"column":27}},"43":{"start":{"line":96,"column":20},"end":{"line":96,"column":32}},"44":{"start":{"line":97,"column":19},"end":{"line":97,"column":78}},"45":{"start":{"line":97,"column":45},"end":{"line":97,"column":77}},"46":{"start":{"line":97,"column":64},"end":{"line":97,"column":76}},"47":{"start":{"line":98,"column":2},"end":{"line":98,"column":34}},"48":{"start":{"line":101,"column":0},"end":{"line":106,"column":2}}},"fnMap":{"0":{"name":"escapeCSVField","decl":{"start":{"line":9,"column":9},"end":{"line":9,"column":23}},"loc":{"start":{"line":9,"column":31},"end":{"line":15,"column":1}},"line":9},"1":{"name":"formatCSV","decl":{"start":{"line":24,"column":9},"end":{"line":24,"column":18}},"loc":{"start":{"line":24,"column":34},"end":{"line":30,"column":1}},"line":24},"2":{"name":"(anonymous_2)","decl":{"start":{"line":26,"column":37},"end":{"line":26,"column":38}},"loc":{"start":{"line":27,"column":4},"end":{"line":27,"column":56}},"line":27},"3":{"name":"(anonymous_3)","decl":{"start":{"line":27,"column":16},"end":{"line":27,"column":17}},"loc":{"start":{"line":27,"column":23},"end":{"line":27,"column":45}},"line":27},"4":{"name":"parseCSV","decl":{"start":{"line":38,"column":9},"end":{"line":38,"column":17}},"loc":{"start":{"line":38,"column":23},"end":{"line":85,"column":1}},"line":38},"5":{"name":"(anonymous_5)","decl":{"start":{"line":39,"column":39},"end":{"line":39,"column":40}},"loc":{"start":{"line":39,"column":46},"end":{"line":39,"column":61}},"line":39},"6":{"name":"(anonymous_6)","decl":{"start":{"line":42,"column":20},"end":{"line":42,"column":21}},"loc":{"start":{"line":42,"column":30},"end":{"line":72,"column":3}},"line":42},"7":{"name":"(anonymous_7)","decl":{"start":{"line":75,"column":34},"end":{"line":75,"column":35}},"loc":{"start":{"line":75,"column":44},"end":{"line":82,"column":3}},"line":75},"8":{"name":"(anonymous_8)","decl":{"start":{"line":78,"column":20},"end":{"line":78,"column":21}},"loc":{"start":{"line":78,"column":30},"end":{"line":80,"column":5}},"line":78},"9":{"name":"formatXLSXRows","decl":{"start":{"line":95,"column":9},"end":{"line":95,"column":23}},"loc":{"start":{"line":95,"column":39},"end":{"line":99,"column":1}},"line":95},"10":{"name":"(anonymous_10)","decl":{"start":{"line":97,"column":36},"end":{"line":97,"column":37}},"loc":{"start":{"line":97,"column":45},"end":{"line":97,"column":77}},"line":97},"11":{"name":"(anonymous_11)","decl":{"start":{"line":97,"column":57},"end":{"line":97,"column":58}},"loc":{"start":{"line":97,"column":64},"end":{"line":97,"column":76}},"line":97}},"branchMap":{"0":{"loc":{"start":{"line":10,"column":21},"end":{"line":10,"column":32}},"type":"binary-expr","locations":[{"start":{"line":10,"column":21},"end":{"line":10,"column":26}},{"start":{"line":10,"column":30},"end":{"line":10,"column":32}}],"line":10},"1":{"loc":{"start":{"line":11,"column":2},"end":{"line":13,"column":3}},"type":"if","locations":[{"start":{"line":11,"column":2},"end":{"line":13,"column":3}},{"start":{},"end":{}}],"line":11},"2":{"loc":{"start":{"line":11,"column":6},"end":{"line":11,"column":88}},"type":"binary-expr","locations":[{"start":{"line":11,"column":6},"end":{"line":11,"column":23}},{"start":{"line":11,"column":27},"end":{"line":11,"column":44}},{"start":{"line":11,"column":48},"end":{"line":11,"column":66}},{"start":{"line":11,"column":70},"end":{"line":11,"column":88}}],"line":11},"3":{"loc":{"start":{"line":26,"column":21},"end":{"line":26,"column":31}},"type":"binary-expr","locations":[{"start":{"line":26,"column":21},"end":{"line":26,"column":25}},{"start":{"line":26,"column":29},"end":{"line":26,"column":31}}],"line":26},"4":{"loc":{"start":{"line":40,"column":2},"end":{"line":40,"column":59}},"type":"if","locations":[{"start":{"line":40,"column":2},"end":{"line":40,"column":59}},{"start":{},"end":{}}],"line":40},"5":{"loc":{"start":{"line":48,"column":6},"end":{"line":68,"column":7}},"type":"if","locations":[{"start":{"line":48,"column":6},"end":{"line":68,"column":7}},{"start":{"line":59,"column":13},"end":{"line":68,"column":7}}],"line":48},"6":{"loc":{"start":{"line":49,"column":8},"end":{"line":58,"column":9}},"type":"if","locations":[{"start":{"line":49,"column":8},"end":{"line":58,"column":9}},{"start":{"line":56,"column":15},"end":{"line":58,"column":9}}],"line":49},"7":{"loc":{"start":{"line":50,"column":10},"end":{"line":55,"column":11}},"type":"if","locations":[{"start":{"line":50,"column":10},"end":{"line":55,"column":11}},{"start":{"line":53,"column":17},"end":{"line":55,"column":11}}],"line":50},"8":{"loc":{"start":{"line":60,"column":8},"end":{"line":67,"column":9}},"type":"if","locations":[{"start":{"line":60,"column":8},"end":{"line":67,"column":9}},{"start":{"line":62,"column":15},"end":{"line":67,"column":9}}],"line":60},"9":{"loc":{"start":{"line":62,"column":15},"end":{"line":67,"column":9}},"type":"if","locations":[{"start":{"line":62,"column":15},"end":{"line":67,"column":9}},{"start":{"line":65,"column":15},"end":{"line":67,"column":9}}],"line":62},"10":{"loc":{"start":{"line":79,"column":15},"end":{"line":79,"column":30}},"type":"binary-expr","locations":[{"start":{"line":79,"column":15},"end":{"line":79,"column":24}},{"start":{"line":79,"column":28},"end":{"line":79,"column":30}}],"line":79},"11":{"loc":{"start":{"line":97,"column":20},"end":{"line":97,"column":30}},"type":"binary-expr","locations":[{"start":{"line":97,"column":20},"end":{"line":97,"column":24}},{"start":{"line":97,"column":28},"end":{"line":97,"column":30}}],"line":97},"12":{"loc":{"start":{"line":97,"column":64},"end":{"line":97,"column":76}},"type":"binary-expr","locations":[{"start":{"line":97,"column":64},"end":{"line":97,"column":70}},{"start":{"line":97,"column":74},"end":{"line":97,"column":76}}],"line":97}},"s":{"0":182,"1":182,"2":5,"3":177,"4":7,"5":7,"6":22,"7":132,"8":7,"9":3,"10":10,"11":3,"12":1,"13":2,"14":9,"15":9,"16":9,"17":9,"18":9,"19":546,"20":546,"21":24,"22":3,"23":2,"24":2,"25":1,"26":21,"27":522,"28":1,"29":521,"30":45,"31":45,"32":476,"33":9,"34":9,"35":2,"36":2,"37":7,"38":7,"39":7,"40":42,"41":7,"42":2,"43":5,"44":5,"45":19,"46":114,"47":5,"48":1},"f":{"0":182,"1":7,"2":22,"3":132,"4":3,"5":10,"6":9,"7":7,"8":42,"9":5,"10":19,"11":114},"b":{"0":[182,2],"1":[5,177],"2":[182,180,178,177],"3":[7,0],"4":[1,2],"5":[24,522],"6":[3,21],"7":[2,1],"8":[1,521],"9":[45,476],"10":[42,0],"11":[5,0],"12":[114,4]},"_coverageSchema":"1a1c01bbd47fc00a2c39e90264f33305004495a9","hash":"89febf3324809d7193b60af014903c24ebbc147f"}
,"C:\\Users\\Carlie\\Desktop\\testWebApp\\backend\\utils\\normalization.js": {"path":"C:\\Users\\Carlie\\Desktop\\testWebApp\\backend\\utils\\normalization.js","statementMap":{"0":{"start":{"line":12,"column":2},"end":{"line":22,"column":4}},"1":{"start":{"line":35,"column":2},"end":{"line":35,"column":26}},"2":{"start":{"line":35,"column":14},"end":{"line":35,"column":26}},"3":{"start":{"line":37,"column":14},"end":{"line":37,"column":65}},"4":{"start":{"line":38,"column":2},"end":{"line":40,"column":3}},"5":{"start":{"line":39,"column":4},"end":{"line":39,"column":46}},"6":{"start":{"line":41,"column":2},"end":{"line":41,"column":38}},"7":{"start":{"line":49,"column":17},"end":{"line":49,"column":19}},"8":{"start":{"line":51,"column":2},"end":{"line":53,"column":3}},"9":{"start":{"line":52,"column":4},"end":{"line":52,"column":36}},"10":{"start":{"line":55,"column":2},"end":{"line":62,"column":3}},"11":{"start":{"line":56,"column":4},"end":{"line":56,"column":37}},"12":{"start":{"line":58,"column":16},"end":{"line":58,"column":61}},"13":{"start":{"line":59,"column":4},"end":{"line":61,"column":5}},"14":{"start":{"line":60,"column":6},"end":{"line":60,"column":71}},"15":{"start":{"line":64,"column":2},"end":{"line":68,"column":3}},"16":{"start":{"line":65,"column":4},"end":{"line":65,"column":39}},"17":{"start":{"line":66,"column":9},"end":{"line":68,"column":3}},"18":{"start":{"line":67,"column":4},"end":{"line":67,"column":57}},"19":{"start":{"line":70,"column":2},"end":{"line":70,"column":48}},"20":{"start":{"line":78,"column":2},"end":{"line":78,"column":33}},"21":{"start":{"line":78,"column":21},"end":{"line":78,"column":33}},"22":{"start":{"line":79,"column":2},"end":{"line":85,"column":12}},"23":{"start":{"line":88,"column":0},"end":{"line":93,"column":2}}},"fnMap":{"0":{"name":"normalizeScanPayload","decl":{"start":{"line":11,"column":9},"end":{"line":11,"column":29}},"loc":{"start":{"line":11,"column":44},"end":{"line":23,"column":1}},"line":11},"1":{"name":"normalizeBSSID","decl":{"start":{"line":34,"column":9},"end":{"line":34,"column":23}},"loc":{"start":{"line":34,"column":31},"end":{"line":42,"column":1}},"line":34},"2":{"name":"validateScanPayload","decl":{"start":{"line":48,"column":9},"end":{"line":48,"column":28}},"loc":{"start":{"line":48,"column":43},"end":{"line":71,"column":1}},"line":48},"3":{"name":"sanitizeString","decl":{"start":{"line":77,"column":9},"end":{"line":77,"column":23}},"loc":{"start":{"line":77,"column":31},"end":{"line":86,"column":1}},"line":77}},"branchMap":{"0":{"loc":{"start":{"line":11,"column":30},"end":{"line":11,"column":42}},"type":"default-arg","locations":[{"start":{"line":11,"column":40},"end":{"line":11,"column":42}}],"line":11},"1":{"loc":{"start":{"line":13,"column":17},"end":{"line":13,"column":35}},"type":"binary-expr","locations":[{"start":{"line":13,"column":17},"end":{"line":13,"column":29}},{"start":{"line":13,"column":33},"end":{"line":13,"column":35}}],"line":13},"2":{"loc":{"start":{"line":15,"column":13},"end":{"line":15,"column":69}},"type":"cond-expr","locations":[{"start":{"line":15,"column":39},"end":{"line":15,"column":62}},{"start":{"line":15,"column":65},"end":{"line":15,"column":69}}],"line":15},"3":{"loc":{"start":{"line":16,"column":15},"end":{"line":16,"column":60}},"type":"binary-expr","locations":[{"start":{"line":16,"column":15},"end":{"line":16,"column":32}},{"start":{"line":16,"column":36},"end":{"line":16,"column":60}}],"line":16},"4":{"loc":{"start":{"line":17,"column":16},"end":{"line":17,"column":70}},"type":"binary-expr","locations":[{"start":{"line":17,"column":16},"end":{"line":17,"column":34}},{"start":{"line":17,"column":38},"end":{"line":17,"column":62}},{"start":{"line":17,"column":66},"end":{"line":17,"column":70}}],"line":17},"5":{"loc":{"start":{"line":18,"column":17},"end":{"line":18,"column":73}},"type":"binary-expr","locations":[{"start":{"line":18,"column":17},"end":{"line":18,"column":36}},{"start":{"line":18,"column":40},"end":{"line":18,"column":65}},{"start":{"line":18,"column":69},"end":{"line":18,"column":73}}],"line":18},"6":{"loc":{"start":{"line":35,"column":2},"end":{"line":35,"column":26}},"type":"if","locations":[{"start":{"line":35,"column":2},"end":{"line":35,"column":26}},{"start":{},"end":{}}],"line":35},"7":{"loc":{"start":{"line":38,"column":2},"end":{"line":40,"column":3}},"type":"if","locations":[{"start":{"line":38,"column":2},"end":{"line":40,"column":3}},{"start":{},"end":{}}],"line":38},"8":{"loc":{"start":{"line":38,"column":6},"end":{"line":38,"column":54}},"type":"binary-expr","locations":[{"start":{"line":38,"column":6},"end":{"line":38,"column":23}},{"start":{"line":38,"column":27},"end":{"line":38,"column":54}}],"line":38},"9":{"loc":{"start":{"line":48,"column":29},"end":{"line":48,"column":41}},"type":"default-arg","locations":[{"start":{"line":48,"column":39},"end":{"line":48,"column":41}}],"line":48},"10":{"loc":{"start":{"line":51,"column":2},"end":{"line":53,"column":3}},"type":"if","locations":[{"start":{"line":51,"column":2},"end":{"line":53,"column":3}},{"start":{},"end":{}}],"line":51},"11":{"loc":{"start":{"line":51,"column":6},"end":{"line":51,"column":57}},"type":"binary-expr","locations":[{"start":{"line":51,"column":6},"end":{"line":51,"column":19}},{"start":{"line":51,"column":23},"end":{"line":51,"column":57}}],"line":51},"12":{"loc":{"start":{"line":55,"column":2},"end":{"line":62,"column":3}},"type":"if","locations":[{"start":{"line":55,"column":2},"end":{"line":62,"column":3}},{"start":{"line":57,"column":9},"end":{"line":62,"column":3}}],"line":55},"13":{"loc":{"start":{"line":55,"column":6},"end":{"line":55,"column":59}},"type":"binary-expr","locations":[{"start":{"line":55,"column":6},"end":{"line":55,"column":20}},{"start":{"line":55,"column":24},"end":{"line":55,"column":59}}],"line":55},"14":{"loc":{"start":{"line":59,"column":4},"end":{"line":61,"column":5}},"type":"if","locations":[{"start":{"line":59,"column":4},"end":{"line":61,"column":5}},{"start":{},"end":{}}],"line":59},"15":{"loc":{"start":{"line":59,"column":8},"end":{"line":59,"column":59}},"type":"binary-expr","locations":[{"start":{"line":59,"column":8},"end":{"line":59,"column":25}},{"start":{"line":59,"column":29},"end":{"line":59,"column":59}}],"line":59},"16":{"loc":{"start":{"line":64,"column":2},"end":{"line":68,"column":3}},"type":"if","locations":[{"start":{"line":64,"column":2},"end":{"line":68,"column":3}},{"start":{"line":66,"column":9},"end":{"line":68,"column":3}}],"line":64},"17":{"loc":{"start":{"line":64,"column":6},"end":{"line":64,"column":63}},"type":"binary-expr","locations":[{"start":{"line":64,"column":6},"end":{"line":64,"column":35}},{"start":{"line":64,"column":39},"end":{"line":64,"column":63}}],"line":64},"18":{"loc":{"start":{"line":66,"column":9},"end":{"line":68,"column":3}},"type":"if","locations":[{"start":{"line":66,"column":9},"end":{"line":68,"column":3}},{"start":{},"end":{}}],"line":66},"19":{"loc":{"start":{"line":66,"column":13},"end":{"line":66,"column":85}},"type":"binary-expr","locations":[{"start":{"line":66,"column":13},"end":{"line":66,"column":54}},{"start":{"line":66,"column":58},"end":{"line":66,"column":85}}],"line":66},"20":{"loc":{"start":{"line":78,"column":2},"end":{"line":78,"column":33}},"type":"if","locations":[{"start":{"line":78,"column":2},"end":{"line":78,"column":33}},{"start":{},"end":{}}],"line":78}},"s":{"0":6,"1":15,"2":4,"3":11,"4":11,"5":1,"6":10,"7":11,"8":11,"9":2,"10":11,"11":2,"12":9,"13":9,"14":1,"15":11,"16":2,"17":9,"18":1,"19":11,"20":25,"21":12,"22":13,"23":1},"f":{"0":6,"1":15,"2":11,"3":25},"b":{"0":[0],"1":[6,1],"2":[5,1],"3":[6,6],"4":[6,6,4],"5":[6,6,4],"6":[4,11],"7":[1,10],"8":[11,10],"9":[0],"10":[2,9],"11":[11,9],"12":[2,9],"13":[11,9],"14":[1,8],"15":[9,8],"16":[2,9],"17":[11,9],"18":[1,8],"19":[9,9],"20":[12,13]},"_coverageSchema":"1a1c01bbd47fc00a2c39e90264f33305004495a9","hash":"bc67e7f11c29aa1f4124ad1a65b64d0a897abebb"}
,"C:\\Users\\Carlie\\Desktop\\testWebApp\\backend\\utils\\scoring.js": {"path":"C:\\Users\\Carlie\\Desktop\\testWebApp\\backend\\utils\\scoring.js","statementMap":{"0":{"start":{"line":17,"column":2},"end":{"line":17,"column":81}},"1":{"start":{"line":17,"column":68},"end":{"line":17,"column":81}},"2":{"start":{"line":18,"column":12},"end":{"line":18,"column":25}},"3":{"start":{"line":19,"column":2},"end":{"line":19,"column":36}},"4":{"start":{"line":19,"column":23},"end":{"line":19,"column":36}},"5":{"start":{"line":20,"column":2},"end":{"line":20,"column":29}},"6":{"start":{"line":20,"column":15},"end":{"line":20,"column":29}},"7":{"start":{"line":21,"column":2},"end":{"line":21,"column":28}},"8":{"start":{"line":21,"column":15},"end":{"line":21,"column":28}},"9":{"start":{"line":22,"column":2},"end":{"line":22,"column":31}},"10":{"start":{"line":22,"column":15},"end":{"line":22,"column":31}},"11":{"start":{"line":23,"column":2},"end":{"line":23,"column":29}},"12":{"start":{"line":23,"column":15},"end":{"line":23,"column":29}},"13":{"start":{"line":24,"column":2},"end":{"line":24,"column":20}},"14":{"start":{"line":37,"column":2},"end":{"line":37,"column":66}},"15":{"start":{"line":37,"column":57},"end":{"line":37,"column":66}},"16":{"start":{"line":39,"column":18},"end":{"line":39,"column":71}},"17":{"start":{"line":41,"column":14},"end":{"line":41,"column":15}},"18":{"start":{"line":42,"column":2},"end":{"line":45,"column":3}},"19":{"start":{"line":43,"column":21},"end":{"line":43,"column":68}},"20":{"start":{"line":44,"column":4},"end":{"line":44,"column":36}},"21":{"start":{"line":47,"column":2},"end":{"line":47,"column":30}},"22":{"start":{"line":59,"column":18},"end":{"line":59,"column":27}},"23":{"start":{"line":60,"column":22},"end":{"line":60,"column":71}},"24":{"start":{"line":62,"column":2},"end":{"line":110,"column":3}},"25":{"start":{"line":63,"column":4},"end":{"line":109,"column":5}},"26":{"start":{"line":64,"column":16},"end":{"line":64,"column":34}},"27":{"start":{"line":65,"column":6},"end":{"line":65,"column":23}},"28":{"start":{"line":65,"column":14},"end":{"line":65,"column":23}},"29":{"start":{"line":67,"column":21},"end":{"line":67,"column":25}},"30":{"start":{"line":68,"column":21},"end":{"line":68,"column":43}},"31":{"start":{"line":69,"column":6},"end":{"line":69,"column":28}},"32":{"start":{"line":69,"column":19},"end":{"line":69,"column":28}},"33":{"start":{"line":71,"column":24},"end":{"line":71,"column":51}},"34":{"start":{"line":72,"column":23},"end":{"line":72,"column":49}},"35":{"start":{"line":73,"column":21},"end":{"line":73,"column":27}},"36":{"start":{"line":75,"column":6},"end":{"line":108,"column":7}},"37":{"start":{"line":76,"column":8},"end":{"line":94,"column":11}},"38":{"start":{"line":96,"column":20},"end":{"line":96,"column":39}},"39":{"start":{"line":97,"column":8},"end":{"line":97,"column":29}},"40":{"start":{"line":98,"column":8},"end":{"line":98,"column":30}},"41":{"start":{"line":99,"column":8},"end":{"line":101,"column":9}},"42":{"start":{"line":100,"column":10},"end":{"line":100,"column":69}},"43":{"start":{"line":102,"column":8},"end":{"line":106,"column":11}},"44":{"start":{"line":107,"column":8},"end":{"line":107,"column":24}},"45":{"start":{"line":112,"column":2},"end":{"line":112,"column":38}},"46":{"start":{"line":115,"column":0},"end":{"line":119,"column":2}}},"fnMap":{"0":{"name":"computeSeverityFromScore","decl":{"start":{"line":16,"column":9},"end":{"line":16,"column":33}},"loc":{"start":{"line":16,"column":41},"end":{"line":25,"column":1}},"line":16},"1":{"name":"computeRiskScore","decl":{"start":{"line":36,"column":9},"end":{"line":36,"column":25}},"loc":{"start":{"line":36,"column":41},"end":{"line":48,"column":1}},"line":36},"2":{"name":"mapPollResultsToThreatRows","decl":{"start":{"line":58,"column":9},"end":{"line":58,"column":35}},"loc":{"start":{"line":58,"column":57},"end":{"line":113,"column":1}},"line":58}},"branchMap":{"0":{"loc":{"start":{"line":17,"column":2},"end":{"line":17,"column":81}},"type":"if","locations":[{"start":{"line":17,"column":2},"end":{"line":17,"column":81}},{"start":{},"end":{}}],"line":17},"1":{"loc":{"start":{"line":17,"column":6},"end":{"line":17,"column":66}},"type":"binary-expr","locations":[{"start":{"line":17,"column":6},"end":{"line":17,"column":19}},{"start":{"line":17,"column":23},"end":{"line":17,"column":35}},{"start":{"line":17,"column":39},"end":{"line":17,"column":66}}],"line":17},"2":{"loc":{"start":{"line":19,"column":2},"end":{"line":19,"column":36}},"type":"if","locations":[{"start":{"line":19,"column":2},"end":{"line":19,"column":36}},{"start":{},"end":{}}],"line":19},"3":{"loc":{"start":{"line":19,"column":6},"end":{"line":19,"column":21}},"type":"binary-expr","locations":[{"start":{"line":19,"column":6},"end":{"line":19,"column":11}},{"start":{"line":19,"column":15},"end":{"line":19,"column":21}}],"line":19},"4":{"loc":{"start":{"line":20,"column":2},"end":{"line":20,"column":29}},"type":"if","locations":[{"start":{"line":20,"column":2},"end":{"line":20,"column":29}},{"start":{},"end":{}}],"line":20},"5":{"loc":{"start":{"line":21,"column":2},"end":{"line":21,"column":28}},"type":"if","locations":[{"start":{"line":21,"column":2},"end":{"line":21,"column":28}},{"start":{},"end":{}}],"line":21},"6":{"loc":{"start":{"line":22,"column":2},"end":{"line":22,"column":31}},"type":"if","locations":[{"start":{"line":22,"column":2},"end":{"line":22,"column":31}},{"start":{},"end":{}}],"line":22},"7":{"loc":{"start":{"line":23,"column":2},"end":{"line":23,"column":29}},"type":"if","locations":[{"start":{"line":23,"column":2},"end":{"line":23,"column":29}},{"start":{},"end":{}}],"line":23},"8":{"loc":{"start":{"line":36,"column":26},"end":{"line":36,"column":39}},"type":"default-arg","locations":[{"start":{"line":36,"column":37},"end":{"line":36,"column":39}}],"line":36},"9":{"loc":{"start":{"line":37,"column":2},"end":{"line":37,"column":66}},"type":"if","locations":[{"start":{"line":37,"column":2},"end":{"line":37,"column":66}},{"start":{},"end":{}}],"line":37},"10":{"loc":{"start":{"line":37,"column":6},"end":{"line":37,"column":55}},"type":"binary-expr","locations":[{"start":{"line":37,"column":6},"end":{"line":37,"column":30}},{"start":{"line":37,"column":34},"end":{"line":37,"column":55}}],"line":37},"11":{"loc":{"start":{"line":44,"column":13},"end":{"line":44,"column":35}},"type":"binary-expr","locations":[{"start":{"line":44,"column":13},"end":{"line":44,"column":30}},{"start":{"line":44,"column":34},"end":{"line":44,"column":35}}],"line":44},"12":{"loc":{"start":{"line":62,"column":18},"end":{"line":62,"column":31}},"type":"binary-expr","locations":[{"start":{"line":62,"column":18},"end":{"line":62,"column":25}},{"start":{"line":62,"column":29},"end":{"line":62,"column":31}}],"line":62},"13":{"loc":{"start":{"line":65,"column":6},"end":{"line":65,"column":23}},"type":"if","locations":[{"start":{"line":65,"column":6},"end":{"line":65,"column":23}},{"start":{},"end":{}}],"line":65},"14":{"loc":{"start":{"line":69,"column":6},"end":{"line":69,"column":28}},"type":"if","locations":[{"start":{"line":69,"column":6},"end":{"line":69,"column":28}},{"start":{},"end":{}}],"line":69},"15":{"loc":{"start":{"line":75,"column":6},"end":{"line":108,"column":7}},"type":"if","locations":[{"start":{"line":75,"column":6},"end":{"line":108,"column":7}},{"start":{"line":95,"column":13},"end":{"line":108,"column":7}}],"line":75},"16":{"loc":{"start":{"line":83,"column":24},"end":{"line":85,"column":37}},"type":"cond-expr","locations":[{"start":{"line":84,"column":14},"end":{"line":84,"column":54}},{"start":{"line":85,"column":14},"end":{"line":85,"column":37}}],"line":83},"17":{"loc":{"start":{"line":99,"column":8},"end":{"line":101,"column":9}},"type":"if","locations":[{"start":{"line":99,"column":8},"end":{"line":101,"column":9}},{"start":{},"end":{}}],"line":99}},"s":{"0":56,"1":7,"2":49,"3":49,"4":2,"5":47,"6":3,"7":44,"8":6,"9":38,"10":6,"11":32,"12":7,"13":25,"14":9,"15":3,"16":6,"17":6,"18":6,"19":30,"20":30,"21":6,"22":10,"23":10,"24":10,"25":13,"26":39,"27":39,"28":15,"29":24,"30":24,"31":24,"32":4,"33":20,"34":20,"35":20,"36":20,"37":15,"38":5,"39":5,"40":5,"41":5,"42":5,"43":5,"44":5,"45":10,"46":1},"f":{"0":56,"1":9,"2":10},"b":{"0":[7,49],"1":[56,51,50],"2":[2,47],"3":[49,48],"4":[3,44],"5":[6,38],"6":[6,32],"7":[7,25],"8":[1],"9":[3,6],"10":[9,8],"11":[30,3],"12":[10,2],"13":[15,24],"14":[4,20],"15":[15,5],"16":[15,0],"17":[5,0]},"_coverageSchema":"1a1c01bbd47fc00a2c39e90264f33305004495a9","hash":"7e74dff382da8dccdc64b3453f66218dfea2e757"}
,"C:\\Users\\Carlie\\Desktop\\testWebApp\\backend\\utils\\sorting.js": {"path":"C:\\Users\\Carlie\\Desktop\\testWebApp\\backend\\utils\\sorting.js","statementMap":{"0":{"start":{"line":5,"column":23},"end":{"line":5,"column":75}},"1":{"start":{"line":12,"column":2},"end":{"line":16,"column":5}},"2":{"start":{"line":13,"column":17},"end":{"line":13,"column":77}},"3":{"start":{"line":14,"column":17},"end":{"line":14,"column":77}},"4":{"start":{"line":15,"column":4},"end":{"line":15,"column":60}},"5":{"start":{"line":24,"column":2},"end":{"line":28,"column":5}},"6":{"start":{"line":25,"column":17},"end":{"line":25,"column":37}},"7":{"start":{"line":26,"column":17},"end":{"line":26,"column":37}},"8":{"start":{"line":27,"column":4},"end":{"line":27,"column":60}},"9":{"start":{"line":37,"column":2},"end":{"line":41,"column":5}},"10":{"start":{"line":38,"column":17},"end":{"line":38,"column":54}},"11":{"start":{"line":39,"column":17},"end":{"line":39,"column":54}},"12":{"start":{"line":40,"column":4},"end":{"line":40,"column":60}},"13":{"start":{"line":49,"column":2},"end":{"line":49,"column":79}},"14":{"start":{"line":49,"column":61},"end":{"line":49,"column":79}},"15":{"start":{"line":50,"column":14},"end":{"line":50,"column":61}},"16":{"start":{"line":50,"column":44},"end":{"line":50,"column":59}},"17":{"start":{"line":51,"column":2},"end":{"line":51,"column":78}},"18":{"start":{"line":51,"column":29},"end":{"line":51,"column":76}},"19":{"start":{"line":60,"column":2},"end":{"line":66,"column":5}},"20":{"start":{"line":61,"column":14},"end":{"line":61,"column":39}},"21":{"start":{"line":62,"column":4},"end":{"line":62,"column":41}},"22":{"start":{"line":62,"column":28},"end":{"line":62,"column":41}},"23":{"start":{"line":63,"column":4},"end":{"line":63,"column":51}},"24":{"start":{"line":63,"column":38},"end":{"line":63,"column":51}},"25":{"start":{"line":64,"column":4},"end":{"line":64,"column":47}},"26":{"start":{"line":64,"column":34},"end":{"line":64,"column":47}},"27":{"start":{"line":65,"column":4},"end":{"line":65,"column":16}},"28":{"start":{"line":75,"column":2},"end":{"line":75,"column":71}},"29":{"start":{"line":75,"column":53},"end":{"line":75,"column":71}},"30":{"start":{"line":76,"column":14},"end":{"line":76,"column":65}},"31":{"start":{"line":76,"column":40},"end":{"line":76,"column":63}},"32":{"start":{"line":77,"column":2},"end":{"line":77,"column":76}},"33":{"start":{"line":77,"column":29},"end":{"line":77,"column":74}},"34":{"start":{"line":80,"column":0},"end":{"line":88,"column":2}}},"fnMap":{"0":{"name":"sortBySeverity","decl":{"start":{"line":11,"column":9},"end":{"line":11,"column":23}},"loc":{"start":{"line":11,"column":51},"end":{"line":17,"column":1}},"line":11},"1":{"name":"(anonymous_1)","decl":{"start":{"line":12,"column":25},"end":{"line":12,"column":26}},"loc":{"start":{"line":12,"column":35},"end":{"line":16,"column":3}},"line":12},"2":{"name":"sortByScore","decl":{"start":{"line":23,"column":9},"end":{"line":23,"column":20}},"loc":{"start":{"line":23,"column":48},"end":{"line":29,"column":1}},"line":23},"3":{"name":"(anonymous_3)","decl":{"start":{"line":24,"column":25},"end":{"line":24,"column":26}},"loc":{"start":{"line":24,"column":35},"end":{"line":28,"column":3}},"line":24},"4":{"name":"sortByDate","decl":{"start":{"line":36,"column":9},"end":{"line":36,"column":19}},"loc":{"start":{"line":36,"column":75},"end":{"line":42,"column":1}},"line":36},"5":{"name":"(anonymous_5)","decl":{"start":{"line":37,"column":25},"end":{"line":37,"column":26}},"loc":{"start":{"line":37,"column":35},"end":{"line":41,"column":3}},"line":37},"6":{"name":"filterBySeverity","decl":{"start":{"line":48,"column":9},"end":{"line":48,"column":25}},"loc":{"start":{"line":48,"column":45},"end":{"line":52,"column":1}},"line":48},"7":{"name":"(anonymous_7)","decl":{"start":{"line":50,"column":37},"end":{"line":50,"column":38}},"loc":{"start":{"line":50,"column":44},"end":{"line":50,"column":59}},"line":50},"8":{"name":"(anonymous_8)","decl":{"start":{"line":51,"column":22},"end":{"line":51,"column":23}},"loc":{"start":{"line":51,"column":29},"end":{"line":51,"column":76}},"line":51},"9":{"name":"filterByDateRange","decl":{"start":{"line":59,"column":9},"end":{"line":59,"column":26}},"loc":{"start":{"line":59,"column":74},"end":{"line":67,"column":1}},"line":59},"10":{"name":"(anonymous_10)","decl":{"start":{"line":60,"column":22},"end":{"line":60,"column":23}},"loc":{"start":{"line":60,"column":32},"end":{"line":66,"column":3}},"line":60},"11":{"name":"filterByCategory","decl":{"start":{"line":74,"column":9},"end":{"line":74,"column":25}},"loc":{"start":{"line":74,"column":48},"end":{"line":78,"column":1}},"line":74},"12":{"name":"(anonymous_12)","decl":{"start":{"line":76,"column":33},"end":{"line":76,"column":34}},"loc":{"start":{"line":76,"column":40},"end":{"line":76,"column":63}},"line":76},"13":{"name":"(anonymous_13)","decl":{"start":{"line":77,"column":22},"end":{"line":77,"column":23}},"loc":{"start":{"line":77,"column":29},"end":{"line":77,"column":74}},"line":77}},"branchMap":{"0":{"loc":{"start":{"line":11,"column":31},"end":{"line":11,"column":49}},"type":"default-arg","locations":[{"start":{"line":11,"column":43},"end":{"line":11,"column":49}}],"line":11},"1":{"loc":{"start":{"line":13,"column":17},"end":{"line":13,"column":77}},"type":"binary-expr","locations":[{"start":{"line":13,"column":17},"end":{"line":13,"column":71}},{"start":{"line":13,"column":75},"end":{"line":13,"column":77}}],"line":13},"2":{"loc":{"start":{"line":13,"column":39},"end":{"line":13,"column":55}},"type":"binary-expr","locations":[{"start":{"line":13,"column":39},"end":{"line":13,"column":49}},{"start":{"line":13,"column":53},"end":{"line":13,"column":55}}],"line":13},"3":{"loc":{"start":{"line":14,"column":17},"end":{"line":14,"column":77}},"type":"binary-expr","locations":[{"start":{"line":14,"column":17},"end":{"line":14,"column":71}},{"start":{"line":14,"column":75},"end":{"line":14,"column":77}}],"line":14},"4":{"loc":{"start":{"line":14,"column":39},"end":{"line":14,"column":55}},"type":"binary-expr","locations":[{"start":{"line":14,"column":39},"end":{"line":14,"column":49}},{"start":{"line":14,"column":53},"end":{"line":14,"column":55}}],"line":14},"5":{"loc":{"start":{"line":15,"column":11},"end":{"line":15,"column":59}},"type":"cond-expr","locations":[{"start":{"line":15,"column":34},"end":{"line":15,"column":45}},{"start":{"line":15,"column":48},"end":{"line":15,"column":59}}],"line":15},"6":{"loc":{"start":{"line":23,"column":28},"end":{"line":23,"column":46}},"type":"default-arg","locations":[{"start":{"line":23,"column":40},"end":{"line":23,"column":46}}],"line":23},"7":{"loc":{"start":{"line":25,"column":17},"end":{"line":25,"column":37}},"type":"binary-expr","locations":[{"start":{"line":25,"column":17},"end":{"line":25,"column":32}},{"start":{"line":25,"column":36},"end":{"line":25,"column":37}}],"line":25},"8":{"loc":{"start":{"line":26,"column":17},"end":{"line":26,"column":37}},"type":"binary-expr","locations":[{"start":{"line":26,"column":17},"end":{"line":26,"column":32}},{"start":{"line":26,"column":36},"end":{"line":26,"column":37}}],"line":26},"9":{"loc":{"start":{"line":27,"column":11},"end":{"line":27,"column":59}},"type":"cond-expr","locations":[{"start":{"line":27,"column":34},"end":{"line":27,"column":45}},{"start":{"line":27,"column":48},"end":{"line":27,"column":59}}],"line":27},"10":{"loc":{"start":{"line":36,"column":27},"end":{"line":36,"column":53}},"type":"default-arg","locations":[{"start":{"line":36,"column":39},"end":{"line":36,"column":53}}],"line":36},"11":{"loc":{"start":{"line":36,"column":55},"end":{"line":36,"column":73}},"type":"default-arg","locations":[{"start":{"line":36,"column":67},"end":{"line":36,"column":73}}],"line":36},"12":{"loc":{"start":{"line":38,"column":26},"end":{"line":38,"column":43}},"type":"binary-expr","locations":[{"start":{"line":38,"column":26},"end":{"line":38,"column":38}},{"start":{"line":38,"column":42},"end":{"line":38,"column":43}}],"line":38},"13":{"loc":{"start":{"line":39,"column":26},"end":{"line":39,"column":43}},"type":"binary-expr","locations":[{"start":{"line":39,"column":26},"end":{"line":39,"column":38}},{"start":{"line":39,"column":42},"end":{"line":39,"column":43}}],"line":39},"14":{"loc":{"start":{"line":40,"column":11},"end":{"line":40,"column":59}},"type":"cond-expr","locations":[{"start":{"line":40,"column":34},"end":{"line":40,"column":45}},{"start":{"line":40,"column":48},"end":{"line":40,"column":59}}],"line":40},"15":{"loc":{"start":{"line":49,"column":2},"end":{"line":49,"column":79}},"type":"if","locations":[{"start":{"line":49,"column":2},"end":{"line":49,"column":79}},{"start":{},"end":{}}],"line":49},"16":{"loc":{"start":{"line":49,"column":6},"end":{"line":49,"column":59}},"type":"binary-expr","locations":[{"start":{"line":49,"column":6},"end":{"line":49,"column":32}},{"start":{"line":49,"column":36},"end":{"line":49,"column":59}}],"line":49},"17":{"loc":{"start":{"line":51,"column":44},"end":{"line":51,"column":60}},"type":"binary-expr","locations":[{"start":{"line":51,"column":44},"end":{"line":51,"column":54}},{"start":{"line":51,"column":58},"end":{"line":51,"column":60}}],"line":51},"18":{"loc":{"start":{"line":59,"column":46},"end":{"line":59,"column":72}},"type":"default-arg","locations":[{"start":{"line":59,"column":58},"end":{"line":59,"column":72}}],"line":59},"19":{"loc":{"start":{"line":62,"column":4},"end":{"line":62,"column":41}},"type":"if","locations":[{"start":{"line":62,"column":4},"end":{"line":62,"column":41}},{"start":{},"end":{}}],"line":62},"20":{"loc":{"start":{"line":63,"column":4},"end":{"line":63,"column":51}},"type":"if","locations":[{"start":{"line":63,"column":4},"end":{"line":63,"column":51}},{"start":{},"end":{}}],"line":63},"21":{"loc":{"start":{"line":63,"column":8},"end":{"line":63,"column":36}},"type":"binary-expr","locations":[{"start":{"line":63,"column":8},"end":{"line":63,"column":13}},{"start":{"line":63,"column":17},"end":{"line":63,"column":36}}],"line":63},"22":{"loc":{"start":{"line":64,"column":4},"end":{"line":64,"column":47}},"type":"if","locations":[{"start":{"line":64,"column":4},"end":{"line":64,"column":47}},{"start":{},"end":{}}],"line":64},"23":{"loc":{"start":{"line":64,"column":8},"end":{"line":64,"column":32}},"type":"binary-expr","locations":[{"start":{"line":64,"column":8},"end":{"line":64,"column":11}},{"start":{"line":64,"column":15},"end":{"line":64,"column":32}}],"line":64},"24":{"loc":{"start":{"line":75,"column":2},"end":{"line":75,"column":71}},"type":"if","locations":[{"start":{"line":75,"column":2},"end":{"line":75,"column":71}},{"start":{},"end":{}}],"line":75},"25":{"loc":{"start":{"line":75,"column":6},"end":{"line":75,"column":51}},"type":"binary-expr","locations":[{"start":{"line":75,"column":6},"end":{"line":75,"column":28}},{"start":{"line":75,"column":32},"end":{"line":75,"column":51}}],"line":75},"26":{"loc":{"start":{"line":77,"column":44},"end":{"line":77,"column":58}},"type":"binary-expr","locations":[{"start":{"line":77,"column":44},"end":{"line":77,"column":52}},{"start":{"line":77,"column":56},"end":{"line":77,"column":58}}],"line":77}},"s":{"0":1,"1":5,"2":23,"3":23,"4":23,"5":3,"6":24,"7":24,"8":24,"9":2,"10":20,"11":20,"12":20,"13":6,"14":2,"15":4,"16":6,"17":4,"18":24,"19":4,"20":24,"21":24,"22":0,"23":24,"24":7,"25":17,"26":4,"27":13,"28":4,"29":1,"30":3,"31":4,"32":3,"33":18,"34":1},"f":{"0":5,"1":23,"2":3,"3":24,"4":2,"5":20,"6":6,"7":6,"8":24,"9":4,"10":24,"11":4,"12":4,"13":18},"b":{"0":[0],"1":[23,0],"2":[23,0],"3":[23,1],"4":[23,0],"5":[11,12],"6":[0],"7":[24,7],"8":[24,1],"9":[12,12],"10":[0],"11":[0],"12":[20,0],"13":[20,0],"14":[9,11],"15":[2,4],"16":[6,5],"17":[24,0],"18":[0],"19":[0,24],"20":[7,17],"21":[24,12],"22":[4,13],"23":[17,9],"24":[1,3],"25":[4,4],"26":[18,0]},"_coverageSchema":"1a1c01bbd47fc00a2c39e90264f33305004495a9","hash":"ccab04a1b6c8f13aba1693cc6b5cf93814bec9f2"}
}
