TN:
SF:controllers\authController.js
FN:5,refreshCookieOpts
FN:23,assertOrigin
FN:47,supabaseRefresh
FN:67,(anonymous_3)
FN:98,(anonymous_4)
FN:116,(anonymous_5)
FN:147,(anonymous_6)
FNF:7
FNH:7
FNDA:4,refreshCookieOpts
FNDA:6,assertOrigin
FNDA:1,supabaseRefresh
FNDA:3,(anonymous_3)
FNDA:4,(anonymous_4)
FNDA:2,(anonymous_5)
FNDA:1,(anonymous_6)
DA:6,4
DA:7,4
DA:21,3
DA:24,6
DA:25,6
DA:27,6
DA:29,6
DA:30,0
DA:31,0
DA:32,0
DA:35,6
DA:38,0
DA:39,0
DA:40,0
DA:41,0
DA:48,1
DA:49,1
DA:57,1
DA:58,1
DA:59,0
DA:60,0
DA:62,1
DA:67,3
DA:68,3
DA:69,3
DA:70,3
DA:71,1
DA:74,2
DA:75,2
DA:84,2
DA:85,2
DA:86,1
DA:87,1
DA:90,1
DA:92,0
DA:98,3
DA:99,4
DA:100,4
DA:101,4
DA:102,4
DA:103,1
DA:105,3
DA:106,3
DA:107,3
DA:108,3
DA:110,0
DA:116,3
DA:117,2
DA:118,2
DA:121,2
DA:122,2
DA:125,2
DA:126,2
DA:128,1
DA:131,1
DA:132,1
DA:135,1
DA:141,0
DA:142,0
DA:147,3
DA:148,1
DA:149,1
LF:62
LH:49
BRDA:27,0,0,6
BRDA:27,0,1,0
BRDA:29,1,0,0
BRDA:29,1,1,6
BRDA:38,2,0,0
BRDA:38,2,1,0
BRDA:58,3,0,0
BRDA:58,3,1,1
BRDA:59,4,0,0
BRDA:59,4,1,0
BRDA:59,4,2,0
BRDA:70,5,0,1
BRDA:70,5,1,2
BRDA:70,6,0,3
BRDA:70,6,1,2
BRDA:85,7,0,1
BRDA:85,7,1,1
BRDA:86,8,0,1
BRDA:86,8,1,0
BRDA:86,8,2,0
BRDA:102,9,0,1
BRDA:102,9,1,3
BRDA:110,10,0,0
BRDA:110,10,1,0
BRDA:126,11,0,1
BRDA:126,11,1,1
BRDA:131,12,0,1
BRDA:131,12,1,0
BRDA:142,13,0,0
BRDA:142,13,1,0
BRF:30
BRH:15
end_of_record
TN:
SF:controllers\rasPiController.js
FN:7,triggerScan
FN:33,getNetworksList
FN:55,saveNetworkMetadataScan
FN:196,getAccessPointDetails
FN:206,getNetworkById
FNF:5
FNH:2
FNDA:3,triggerScan
FNDA:0,getNetworksList
FNDA:3,saveNetworkMetadataScan
FNDA:0,getAccessPointDetails
FNDA:0,getNetworkById
DA:2,3
DA:3,3
DA:4,3
DA:8,3
DA:9,3
DA:11,3
DA:12,1
DA:17,2
DA:18,2
DA:19,2
DA:25,1
DA:26,1
DA:28,1
DA:29,1
DA:34,0
DA:35,0
DA:40,0
DA:41,0
DA:42,0
DA:45,0
DA:56,3
DA:57,3
DA:59,3
DA:60,2
DA:65,1
DA:66,1
DA:69,1
DA:72,1
DA:77,1
DA:79,1
DA:80,1
DA:94,1
DA:95,1
DA:97,0
DA:108,0
DA:112,1
DA:113,1
DA:114,1
DA:124,1
DA:125,1
DA:129,1
DA:130,1
DA:131,1
DA:134,1
DA:136,3
DA:141,3
DA:143,3
DA:157,1
DA:158,1
DA:159,1
DA:162,1
DA:163,1
DA:165,0
DA:169,1
DA:175,0
DA:176,0
DA:197,0
DA:198,0
DA:199,0
DA:201,0
DA:207,0
DA:208,0
DA:209,0
DA:215,0
DA:216,0
DA:223,0
DA:224,0
DA:228,3
LF:68
LH:46
BRDA:3,0,0,3
BRDA:3,0,1,0
BRDA:11,1,0,1
BRDA:11,1,1,2
BRDA:11,2,0,3
BRDA:11,2,1,3
BRDA:11,2,2,2
BRDA:59,3,0,2
BRDA:59,3,1,1
BRDA:59,4,0,3
BRDA:59,4,1,2
BRDA:59,4,2,1
BRDA:65,5,0,1
BRDA:65,5,1,0
BRDA:66,6,0,1
BRDA:66,6,1,0
BRDA:77,7,0,0
BRDA:77,7,1,1
BRDA:79,8,0,1
BRDA:79,8,1,0
BRDA:94,9,0,0
BRDA:94,9,1,1
BRDA:108,10,0,0
BRDA:108,10,1,0
BRDA:113,11,0,1
BRDA:113,11,1,0
BRDA:119,12,0,1
BRDA:119,12,1,0
BRDA:120,13,0,1
BRDA:120,13,1,0
BRDA:124,14,0,0
BRDA:124,14,1,1
BRDA:129,15,0,1
BRDA:129,15,1,0
BRDA:129,16,0,1
BRDA:129,16,1,1
BRDA:141,17,0,0
BRDA:141,17,1,3
BRDA:146,18,0,3
BRDA:146,18,1,0
BRDA:149,19,0,3
BRDA:149,19,1,0
BRDA:152,20,0,3
BRDA:152,20,1,0
BRDA:153,21,0,3
BRDA:153,21,1,0
BRDA:157,22,0,1
BRDA:157,22,1,0
BRDA:162,23,0,0
BRDA:162,23,1,1
BRDA:215,24,0,0
BRDA:215,24,1,0
BRF:52
BRH:30
end_of_record
TN:
SF:controllers\samController.js
FN:4,looksLikeVtCode
FN:8,defaultRecommendations
FN:23,defaultDescription
FN:29,getThreatDetail
FNF:4
FNH:0
FNDA:0,looksLikeVtCode
FNDA:0,defaultRecommendations
FNDA:0,defaultDescription
FNDA:0,getThreatDetail
DA:1,3
DA:5,0
DA:9,0
DA:24,0
DA:25,0
DA:26,0
DA:30,0
DA:31,0
DA:32,0
DA:34,0
DA:36,0
DA:43,0
DA:44,0
DA:47,0
DA:50,0
DA:51,0
DA:53,0
DA:54,0
DA:58,0
DA:59,0
DA:62,0
DA:71,0
DA:72,0
DA:76,3
LF:24
LH:2
BRDA:24,0,0,0
BRDA:24,0,1,0
BRDA:25,1,0,0
BRDA:25,1,1,0
BRDA:31,2,0,0
BRDA:31,2,1,0
BRDA:32,3,0,0
BRDA:32,3,1,0
BRDA:43,4,0,0
BRDA:43,4,1,0
BRDA:51,5,0,0
BRDA:51,5,1,0
BRDA:53,6,0,0
BRDA:53,6,1,0
BRDA:58,7,0,0
BRDA:58,7,1,0
BRDA:58,8,0,0
BRDA:58,8,1,0
BRDA:63,9,0,0
BRDA:63,9,1,0
BRDA:64,10,0,0
BRDA:64,10,1,0
BRDA:65,11,0,0
BRDA:65,11,1,0
BRF:24
BRH:0
end_of_record
TN:
SF:middleware\authMiddleware.js
FN:12,(anonymous_0)
FNF:1
FNH:1
FNDA:11,(anonymous_0)
DA:5,3
DA:8,3
DA:12,3
DA:13,11
DA:14,11
DA:15,2
DA:18,9
DA:20,9
DA:21,9
DA:27,7
DA:33,7
DA:36,2
DA:37,2
LF:13
LH:13
BRDA:14,0,0,2
BRDA:14,0,1,9
BRF:2
BRH:2
end_of_record
TN:
SF:middleware\statusMiddleware.js
FN:8,(anonymous_0)
FNF:1
FNH:1
FNDA:3,(anonymous_0)
DA:2,3
DA:3,3
DA:8,3
DA:9,3
DA:10,3
DA:11,0
DA:14,3
DA:20,3
DA:21,0
DA:24,3
DA:26,2
DA:32,1
LF:12
LH:10
BRDA:10,0,0,0
BRDA:10,0,1,3
BRDA:20,1,0,0
BRDA:20,1,1,3
BRDA:20,2,0,3
BRDA:20,2,1,3
BRDA:24,3,0,2
BRDA:24,3,1,1
BRF:8
BRH:6
end_of_record
TN:
SF:services\rasPiService.js
FN:4,insertScanResults
FN:9,handleSingleScan
FNF:2
FNH:0
FNDA:0,insertScanResults
FNDA:0,handleSingleScan
DA:2,3
DA:5,0
DA:6,0
DA:11,0
DA:25,0
DA:28,0
DA:40,0
DA:43,0
DA:44,0
DA:45,0
DA:50,0
DA:52,0
DA:63,0
DA:67,0
DA:69,0
DA:76,3
LF:16
LH:2
BRDA:20,0,0,0
BRDA:20,0,1,0
BRDA:25,1,0,0
BRDA:25,1,1,0
BRDA:40,2,0,0
BRDA:40,2,1,0
BRDA:44,3,0,0
BRDA:44,3,1,0
BRDA:50,4,0,0
BRDA:50,4,1,0
BRDA:57,5,0,0
BRDA:57,5,1,0
BRDA:58,6,0,0
BRDA:58,6,1,0
BRDA:59,7,0,0
BRDA:59,7,1,0
BRDA:67,8,0,0
BRDA:67,8,1,0
BRF:18
BRH:0
end_of_record
TN:
SF:utils\exportFormatters.js
FN:9,escapeCSVField
FN:24,formatCSV
FN:26,(anonymous_2)
FN:27,(anonymous_3)
FN:38,parseCSV
FN:39,(anonymous_5)
FN:42,(anonymous_6)
FN:75,(anonymous_7)
FN:78,(anonymous_8)
FN:95,formatXLSXRows
FN:97,(anonymous_10)
FN:97,(anonymous_11)
FNF:12
FNH:12
FNDA:182,escapeCSVField
FNDA:7,formatCSV
FNDA:22,(anonymous_2)
FNDA:132,(anonymous_3)
FNDA:3,parseCSV
FNDA:10,(anonymous_5)
FNDA:9,(anonymous_6)
FNDA:7,(anonymous_7)
FNDA:42,(anonymous_8)
FNDA:5,formatXLSXRows
FNDA:19,(anonymous_10)
FNDA:114,(anonymous_11)
DA:10,182
DA:11,182
DA:12,5
DA:14,177
DA:25,7
DA:26,7
DA:27,132
DA:29,7
DA:39,10
DA:40,3
DA:42,2
DA:43,9
DA:44,9
DA:45,9
DA:46,9
DA:47,546
DA:48,546
DA:49,24
DA:50,3
DA:51,2
DA:52,2
DA:54,1
DA:57,21
DA:60,522
DA:61,1
DA:62,521
DA:63,45
DA:64,45
DA:66,476
DA:70,9
DA:71,9
DA:74,2
DA:75,2
DA:76,7
DA:77,7
DA:78,7
DA:79,42
DA:81,7
DA:84,2
DA:96,5
DA:97,114
DA:98,5
DA:101,1
LF:43
LH:43
BRDA:10,0,0,182
BRDA:10,0,1,2
BRDA:11,1,0,5
BRDA:11,1,1,177
BRDA:11,2,0,182
BRDA:11,2,1,180
BRDA:11,2,2,178
BRDA:11,2,3,177
BRDA:26,3,0,7
BRDA:26,3,1,0
BRDA:40,4,0,1
BRDA:40,4,1,2
BRDA:48,5,0,24
BRDA:48,5,1,522
BRDA:49,6,0,3
BRDA:49,6,1,21
BRDA:50,7,0,2
BRDA:50,7,1,1
BRDA:60,8,0,1
BRDA:60,8,1,521
BRDA:62,9,0,45
BRDA:62,9,1,476
BRDA:79,10,0,42
BRDA:79,10,1,0
BRDA:97,11,0,5
BRDA:97,11,1,0
BRDA:97,12,0,114
BRDA:97,12,1,4
BRF:28
BRH:25
end_of_record
TN:
SF:utils\normalization.js
FN:11,normalizeScanPayload
FN:34,normalizeBSSID
FN:48,validateScanPayload
FN:77,sanitizeString
FNF:4
FNH:4
FNDA:6,normalizeScanPayload
FNDA:15,normalizeBSSID
FNDA:11,validateScanPayload
FNDA:25,sanitizeString
DA:12,6
DA:35,15
DA:37,11
DA:38,11
DA:39,1
DA:41,10
DA:49,11
DA:51,11
DA:52,2
DA:55,11
DA:56,2
DA:58,9
DA:59,9
DA:60,1
DA:64,11
DA:65,2
DA:66,9
DA:67,1
DA:70,11
DA:78,25
DA:79,13
DA:88,1
LF:22
LH:22
BRDA:11,0,0,0
BRDA:13,1,0,6
BRDA:13,1,1,1
BRDA:15,2,0,5
BRDA:15,2,1,1
BRDA:16,3,0,6
BRDA:16,3,1,6
BRDA:17,4,0,6
BRDA:17,4,1,6
BRDA:17,4,2,4
BRDA:18,5,0,6
BRDA:18,5,1,6
BRDA:18,5,2,4
BRDA:35,6,0,4
BRDA:35,6,1,11
BRDA:38,7,0,1
BRDA:38,7,1,10
BRDA:38,8,0,11
BRDA:38,8,1,10
BRDA:48,9,0,0
BRDA:51,10,0,2
BRDA:51,10,1,9
BRDA:51,11,0,11
BRDA:51,11,1,9
BRDA:55,12,0,2
BRDA:55,12,1,9
BRDA:55,13,0,11
BRDA:55,13,1,9
BRDA:59,14,0,1
BRDA:59,14,1,8
BRDA:59,15,0,9
BRDA:59,15,1,8
BRDA:64,16,0,2
BRDA:64,16,1,9
BRDA:64,17,0,11
BRDA:64,17,1,9
BRDA:66,18,0,1
BRDA:66,18,1,8
BRDA:66,19,0,9
BRDA:66,19,1,9
BRDA:78,20,0,12
BRDA:78,20,1,13
BRF:42
BRH:40
end_of_record
TN:
SF:utils\scoring.js
FN:16,computeSeverityFromScore
FN:36,computeRiskScore
FN:58,mapPollResultsToThreatRows
FNF:3
FNH:3
FNDA:56,computeSeverityFromScore
FNDA:9,computeRiskScore
FNDA:10,mapPollResultsToThreatRows
DA:17,56
DA:18,49
DA:19,49
DA:20,47
DA:21,44
DA:22,38
DA:23,32
DA:24,25
DA:37,9
DA:39,6
DA:41,6
DA:42,6
DA:43,30
DA:44,30
DA:47,6
DA:59,10
DA:60,10
DA:62,10
DA:63,13
DA:64,39
DA:65,39
DA:67,24
DA:68,24
DA:69,24
DA:71,20
DA:72,20
DA:73,20
DA:75,20
DA:76,15
DA:96,5
DA:97,5
DA:98,5
DA:99,5
DA:100,5
DA:102,5
DA:107,5
DA:112,10
DA:115,1
LF:38
LH:38
BRDA:17,0,0,7
BRDA:17,0,1,49
BRDA:17,1,0,56
BRDA:17,1,1,51
BRDA:17,1,2,50
BRDA:19,2,0,2
BRDA:19,2,1,47
BRDA:19,3,0,49
BRDA:19,3,1,48
BRDA:20,4,0,3
BRDA:20,4,1,44
BRDA:21,5,0,6
BRDA:21,5,1,38
BRDA:22,6,0,6
BRDA:22,6,1,32
BRDA:23,7,0,7
BRDA:23,7,1,25
BRDA:36,8,0,1
BRDA:37,9,0,3
BRDA:37,9,1,6
BRDA:37,10,0,9
BRDA:37,10,1,8
BRDA:44,11,0,30
BRDA:44,11,1,3
BRDA:62,12,0,10
BRDA:62,12,1,2
BRDA:65,13,0,15
BRDA:65,13,1,24
BRDA:69,14,0,4
BRDA:69,14,1,20
BRDA:75,15,0,15
BRDA:75,15,1,5
BRDA:83,16,0,15
BRDA:83,16,1,0
BRDA:99,17,0,5
BRDA:99,17,1,0
BRF:36
BRH:34
end_of_record
TN:
SF:utils\sorting.js
FN:11,sortBySeverity
FN:12,(anonymous_1)
FN:23,sortByScore
FN:24,(anonymous_3)
FN:36,sortByDate
FN:37,(anonymous_5)
FN:48,filterBySeverity
FN:50,(anonymous_7)
FN:51,(anonymous_8)
FN:59,filterByDateRange
FN:60,(anonymous_10)
FN:74,filterByCategory
FN:76,(anonymous_12)
FN:77,(anonymous_13)
FNF:14
FNH:14
FNDA:5,sortBySeverity
FNDA:23,(anonymous_1)
FNDA:3,sortByScore
FNDA:24,(anonymous_3)
FNDA:2,sortByDate
FNDA:20,(anonymous_5)
FNDA:6,filterBySeverity
FNDA:6,(anonymous_7)
FNDA:24,(anonymous_8)
FNDA:4,filterByDateRange
FNDA:24,(anonymous_10)
FNDA:4,filterByCategory
FNDA:4,(anonymous_12)
FNDA:18,(anonymous_13)
DA:5,1
DA:12,5
DA:13,23
DA:14,23
DA:15,23
DA:24,3
DA:25,24
DA:26,24
DA:27,24
DA:37,2
DA:38,20
DA:39,20
DA:40,20
DA:49,6
DA:50,6
DA:51,24
DA:60,4
DA:61,24
DA:62,24
DA:63,24
DA:64,17
DA:65,13
DA:75,4
DA:76,4
DA:77,18
DA:80,1
LF:26
LH:26
BRDA:11,0,0,0
BRDA:13,1,0,23
BRDA:13,1,1,0
BRDA:13,2,0,23
BRDA:13,2,1,0
BRDA:14,3,0,23
BRDA:14,3,1,1
BRDA:14,4,0,23
BRDA:14,4,1,0
BRDA:15,5,0,11
BRDA:15,5,1,12
BRDA:23,6,0,0
BRDA:25,7,0,24
BRDA:25,7,1,7
BRDA:26,8,0,24
BRDA:26,8,1,1
BRDA:27,9,0,12
BRDA:27,9,1,12
BRDA:36,10,0,0
BRDA:36,11,0,0
BRDA:38,12,0,20
BRDA:38,12,1,0
BRDA:39,13,0,20
BRDA:39,13,1,0
BRDA:40,14,0,9
BRDA:40,14,1,11
BRDA:49,15,0,2
BRDA:49,15,1,4
BRDA:49,16,0,6
BRDA:49,16,1,5
BRDA:51,17,0,24
BRDA:51,17,1,0
BRDA:59,18,0,0
BRDA:62,19,0,0
BRDA:62,19,1,24
BRDA:63,20,0,7
BRDA:63,20,1,17
BRDA:63,21,0,24
BRDA:63,21,1,12
BRDA:64,22,0,4
BRDA:64,22,1,13
BRDA:64,23,0,17
BRDA:64,23,1,9
BRDA:75,24,0,1
BRDA:75,24,1,3
BRDA:75,25,0,4
BRDA:75,25,1,4
BRDA:77,26,0,18
BRDA:77,26,1,0
BRF:49
BRH:36
end_of_record
